<?xml version="1.0" encoding="UTF-8"?>
<!-- Generated by org.testng.reporters.JUnitReportReporter -->
<testsuite hostname="LENOVO-T440s" name="webdriver.NavigateWindows" tests="1" failures="0" timestamp="15 Feb 2015 22:13:00 GMT" time="52.356" errors="0">
  <testcase name="testSwitchWindows" time="52.356" classname="webdriver.NavigateWindows"/>
</testsuite> <!-- webdriver.NavigateWindows -->
