<?xml version="1.0" encoding="UTF-8"?>
<!-- Generated by org.testng.reporters.JUnitReportReporter -->
<testsuite hostname="LENOVO-T440s" name="testNg.TestExer27HighNumberTest" tests="1" failures="0" timestamp="18 Feb 2015 06:36:30 GMT" time="0.015" errors="0">
  <testcase name="testHighestNumber" time="0.015" classname="testNg.TestExer27HighNumberTest"/>
</testsuite> <!-- testNg.TestExer27HighNumberTest -->
