<?xml version="1.0" encoding="UTF-8"?>
<!-- Generated by org.testng.reporters.JUnitReportReporter -->
<testsuite hostname="LENOVO-T440s" name="testNG.CalculatorTestNgClass" tests="3" failures="0" timestamp="30 Jan 2015 04:01:54 GMT" time="0.010" errors="0">
  <testcase name="testMult" time="0.000" classname="testNG.CalculatorTestNgClass"/>
  <testcase name="testMult" time="0.010" classname="testNG.CalculatorTestNgClass"/>
  <testcase name="testMult" time="0.000" classname="testNG.CalculatorTestNgClass"/>
</testsuite> <!-- testNG.CalculatorTestNgClass -->
