<?xml version="1.0" encoding="UTF-8"?>
<!-- Generated by org.testng.reporters.JUnitReportReporter -->
<testsuite hostname="LENOVO-T440s" name="webdriver.ActionsResizableEastTest" tests="1" failures="0" timestamp="17 Feb 2015 06:01:59 GMT" time="16.413" errors="0">
  <testcase name="ActionsResizableSouth" time="16.413" classname="webdriver.ActionsResizableEastTest"/>
</testsuite> <!-- webdriver.ActionsResizableEastTest -->
