<?xml version="1.0" encoding="UTF-8"?>
<!-- Generated by org.testng.reporters.JUnitReportReporter -->
<testsuite hostname="LENOVO-T440s" name="webdriver.TestEmailPasswordFromExternalFile" tests="5" failures="0" timestamp="17 Feb 2015 07:52:45 GMT" time="58.473" errors="0">
  <testcase name="testResetPasswordMessage" time="11.032" classname="webdriver.TestEmailPasswordFromExternalFile"/>
  <testcase name="testResetPasswordMessage" time="6.852" classname="webdriver.TestEmailPasswordFromExternalFile"/>
  <testcase name="testResetPasswordMessage" time="20.165" classname="webdriver.TestEmailPasswordFromExternalFile"/>
  <testcase name="testResetPasswordMessage" time="10.222" classname="webdriver.TestEmailPasswordFromExternalFile"/>
  <testcase name="testResetPasswordMessage" time="10.202" classname="webdriver.TestEmailPasswordFromExternalFile"/>
</testsuite> <!-- webdriver.TestEmailPasswordFromExternalFile -->
