<?xml version="1.0" encoding="UTF-8"?>
<!-- Generated by org.testng.reporters.JUnitReportReporter -->
<testsuite hostname="LENOVO-T440s" name="testNg.TestNGSuite" tests="1" failures="0" timestamp="13 Feb 2015 05:50:56 GMT" time="17.883" errors="0">
  <testcase name="testTestNGProgramatically" time="17.883" classname="testNg.TestNGSuite"/>
</testsuite> <!-- testNg.TestNGSuite -->
