<?xml version="1.0" encoding="UTF-8"?>
<!-- Generated by org.testng.reporters.JUnitReportReporter -->
<testsuite hostname="LENOVO-T440s" name="webdriver.NavigateAssert" tests="1" failures="0" timestamp="15 Feb 2015 22:10:43 GMT" time="8.098" errors="0">
  <testcase name="testSwitchWindows" time="8.098" classname="webdriver.NavigateAssert"/>
</testsuite> <!-- webdriver.NavigateAssert -->
