<?xml version="1.0" encoding="UTF-8"?>
<!-- Generated by org.testng.reporters.JUnitReportReporter -->
<testsuite hostname="LENOVO-T440s" name="webdriver.SourceOnIETest" tests="1" failures="0" timestamp="16 Feb 2015 07:17:16 GMT" time="81.340" errors="0">
  <testcase name="testGoogleSearchOfFF" time="81.340" classname="webdriver.SourceOnIETest"/>
</testsuite> <!-- webdriver.SourceOnIETest -->
