<?xml version="1.0" encoding="UTF-8"?>
<!-- Generated by org.testng.reporters.JUnitReportReporter -->
<testsuite hostname="LENOVO-T440s" name="webdriver.ResetPasswordTestOld" tests="1" failures="0" timestamp="17 Feb 2015 07:48:01 GMT" time="33.862" errors="0">
  <testcase name="testResetPasswordMessage" time="33.862" classname="webdriver.ResetPasswordTestOld"/>
</testsuite> <!-- webdriver.ResetPasswordTestOld -->
