<?xml version="1.0" encoding="UTF-8"?>
<!-- Generated by org.testng.reporters.JUnitReportReporter -->
<testsuite hostname="LENOVO-T440s" name="testNg.testNgAnnotations" tests="3" failures="0" timestamp="6 Feb 2015 04:27:08 GMT" time="0.010" errors="0">
  <testcase name="test1" time="0.010" classname="testNg.testNgAnnotations"/>
  <testcase name="test3" time="0.000" classname="testNg.testNgAnnotations"/>
  <testcase name="test2" time="0.000" classname="testNg.testNgAnnotations"/>
</testsuite> <!-- testNg.testNgAnnotations -->
