<?xml version="1.0" encoding="UTF-8"?>
<!-- Generated by org.testng.reporters.JUnitReportReporter -->
<testsuite hostname="LENOVO-T440s" name="testNg.testNgPowerOfTwo" tests="3" failures="0" timestamp="18 Feb 2015 00:52:40 GMT" time="0.020" errors="0">
  <testcase name="testUserMApping" time="0.000" classname="testNg.testNgPowerOfTwo"/>
  <testcase name="testUserMApping" time="0.010" classname="testNg.testNgPowerOfTwo"/>
  <testcase name="testUserMApping" time="0.010" classname="testNg.testNgPowerOfTwo"/>
</testsuite> <!-- testNg.testNgPowerOfTwo -->
