<?xml version="1.0" encoding="UTF-8"?>
<!-- Generated by org.testng.reporters.JUnitReportReporter -->
<testsuite hostname="LENOVO-T440s" name="webdriver.ActionsSortableTest" tests="1" failures="0" timestamp="17 Feb 2015 07:30:14 GMT" time="37.662" errors="0">
  <testcase name="testSortable" time="37.662" classname="webdriver.ActionsSortableTest"/>
</testsuite> <!-- webdriver.ActionsSortableTest -->
