<?xml version="1.0" encoding="UTF-8"?>
<!-- Generated by org.testng.reporters.JUnitReportReporter -->
<testsuite hostname="LENOVO-T440s" name="webdriver.ResetPasswordTest_" tests="3" failures="0" timestamp="14 Feb 2015 18:09:51 GMT" time="22.218" errors="0">
  <testcase name="testResetPasswordMessage" time="8.022" classname="webdriver.ResetPasswordTest_"/>
  <testcase name="testResetPasswordMessage" time="7.782" classname="webdriver.ResetPasswordTest_"/>
  <testcase name="testResetPasswordMessage" time="6.414" classname="webdriver.ResetPasswordTest_"/>
</testsuite> <!-- webdriver.ResetPasswordTest_ -->
