<?xml version="1.0" encoding="UTF-8"?>
<!-- Generated by org.testng.reporters.JUnitReportReporter -->
<testsuite hostname="LENOVO-T61" name="webdriver.RyppleLoginTest" tests="1" failures="0" timestamp="24 Feb 2015 21:40:03 GMT" time="50.910" errors="0">
  <testcase name="testLogin_NegativeTC" time="50.910" classname="webdriver.RyppleLoginTest"/>
</testsuite> <!-- webdriver.RyppleLoginTest -->
