<?xml version="1.0" encoding="UTF-8"?>
<!-- Generated by org.testng.reporters.JUnitReportReporter -->
<testsuite hostname="LENOVO-T440s" name="webdriver.ActionsSortableTest" tests="1" failures="0" timestamp="18 Feb 2015 06:39:42 GMT" time="39.352" errors="0">
  <testcase name="testSortable" time="39.352" classname="webdriver.ActionsSortableTest"/>
</testsuite> <!-- webdriver.ActionsSortableTest -->
