<?xml version="1.0" encoding="UTF-8"?>
<!-- Generated by org.testng.reporters.JUnitReportReporter -->
<testsuite hostname="LENOVO-T440s" name="webdriver.TestDataFromExcelForNetFlix" tests="5" failures="0" timestamp="16 Feb 2015 23:02:59 GMT" time="85.223" errors="0">
  <testcase name="testAssignDataNetFlix" time="17.853" classname="webdriver.TestDataFromExcelForNetFlix"/>
  <testcase name="testAssignDataNetFlix" time="18.691" classname="webdriver.TestDataFromExcelForNetFlix"/>
  <testcase name="testAssignDataNetFlix" time="15.972" classname="webdriver.TestDataFromExcelForNetFlix"/>
  <testcase name="testAssignDataNetFlix" time="15.748" classname="webdriver.TestDataFromExcelForNetFlix"/>
  <testcase name="testAssignDataNetFlix" time="16.959" classname="webdriver.TestDataFromExcelForNetFlix"/>
</testsuite> <!-- webdriver.TestDataFromExcelForNetFlix -->
