<?xml version="1.0" encoding="UTF-8"?>
<!-- Generated by org.testng.reporters.JUnitReportReporter -->
<testsuite hostname="LENOVO-T440s" name="testNg.ParameterizedTest1" tests="1" failures="0" timestamp="31 Jan 2015 03:33:17 GMT" time="0.015" errors="0">
  <testcase name="parameterTest" time="0.015" classname="testNg.ParameterizedTest1"/>
</testsuite> <!-- testNg.ParameterizedTest1 -->
