<?xml version="1.0" encoding="UTF-8"?>
<!-- Generated by org.testng.reporters.JUnitReportReporter -->
<testsuite hostname="LENOVO-T440s" name="webdriver.ActionsResizableTest" tests="1" failures="0" timestamp="17 Feb 2015 06:04:45 GMT" time="25.991" errors="0">
  <testcase name="testSliding" time="25.991" classname="webdriver.ActionsResizableTest"/>
</testsuite> <!-- webdriver.ActionsResizableTest -->
