<?xml version="1.0" encoding="UTF-8"?>
<!-- Generated by org.testng.reporters.JUnitReportReporter -->
<testsuite hostname="LENOVO-T440s" name="webdriver.VerifyPassword" tests="3" failures="0" timestamp="17 Feb 2015 08:02:19 GMT" time="23.281" errors="0">
  <testcase name="testResetPasswordMessage" time="9.237" classname="webdriver.VerifyPassword"/>
  <testcase name="testResetPasswordMessage" time="7.506" classname="webdriver.VerifyPassword"/>
  <testcase name="testResetPasswordMessage" time="6.538" classname="webdriver.VerifyPassword"/>
</testsuite> <!-- webdriver.VerifyPassword -->
