<?xml version="1.0" encoding="UTF-8"?>
<!-- Generated by org.testng.reporters.JUnitReportReporter -->
<testsuite hostname="LENOVO-T440s" name="webdriver.TakingScreenshot" tests="1" failures="0" timestamp="13 Feb 2015 05:19:42 GMT" time="10.976" errors="0">
  <testcase name="testResetPasswordMessage" time="10.976" classname="webdriver.TakingScreenshot"/>
</testsuite> <!-- webdriver.TakingScreenshot -->
