<?xml version="1.0" encoding="UTF-8"?>
<!-- Generated by org.testng.reporters.JUnitReportReporter -->
<testsuite hostname="LENOVO-T440s" name="testNG.CalculatorTestNG" tests="3" failures="0" timestamp="30 Jan 2015 03:15:44 GMT" time="0.010" errors="0">
  <testcase name="testMultiply" time="0.000" classname="testNG.CalculatorTestNG"/>
  <testcase name="testSubtract" time="0.000" classname="testNG.CalculatorTestNG"/>
  <testcase name="testAdd" time="0.010" classname="testNG.CalculatorTestNG"/>
</testsuite> <!-- testNG.CalculatorTestNG -->
