<?xml version="1.0" encoding="UTF-8"?>
<!-- Generated by org.testng.reporters.JUnitReportReporter -->
<testsuite hostname="LENOVO-T440s" name="testNg.TestNgHighestNumber$Exe26JUnitHighestNumberTest" tests="1" failures="0" timestamp="31 Jan 2015 18:18:09 GMT" time="0.018" errors="0">
  <testcase name="testHighestNumber" time="0.018" classname="testNg.TestNgHighestNumber$Exe26JUnitHighestNumberTest"/>
</testsuite> <!-- testNg.TestNgHighestNumber$Exe26JUnitHighestNumberTest -->
