<?xml version="1.0" encoding="UTF-8"?>
<!-- Generated by org.testng.reporters.JUnitReportReporter -->
<testsuite hostname="LENOVO-T440s" name="testNg.TestNgPrimeNumber" tests="3" failures="0" timestamp="18 Feb 2015 05:38:51 GMT" time="0.016" errors="0">
  <testcase name="testPrimeNumber" time="0.000" classname="testNg.TestNgPrimeNumber"/>
  <testcase name="testPrimeNumber" time="0.000" classname="testNg.TestNgPrimeNumber"/>
  <testcase name="testPrimeNumber" time="0.016" classname="testNg.TestNgPrimeNumber"/>
</testsuite> <!-- testNg.TestNgPrimeNumber -->
