<?xml version="1.0" encoding="UTF-8"?>
<!-- Generated by org.testng.reporters.JUnitReportReporter -->
<testsuite hostname="LENOVO-T440s" name="testNg.testNgClassAssertions" tests="7" failures="0" timestamp="18 Feb 2015 00:52:40 GMT" time="0.010" errors="0">
  <testcase name="testNgAssertTrue" time="0.000" classname="testNg.testNgClassAssertions"/>
  <testcase name="testNgAssertFalse" time="0.000" classname="testNg.testNgClassAssertions"/>
  <testcase name="testNgAssertNotNull" time="0.000" classname="testNg.testNgClassAssertions"/>
  <testcase name="testNgAssertSame" time="0.000" classname="testNg.testNgClassAssertions"/>
  <testcase name="testNgAssertNull" time="0.000" classname="testNg.testNgClassAssertions"/>
  <testcase name="testNgAssertEquals" time="0.010" classname="testNg.testNgClassAssertions"/>
  <testcase name="testNgAssertNotSame" time="0.000" classname="testNg.testNgClassAssertions"/>
</testsuite> <!-- testNg.testNgClassAssertions -->
