<?xml version="1.0" encoding="UTF-8"?>
<!-- Generated by org.testng.reporters.JUnitReportReporter -->
<testsuite hostname="LENOVO-T440s" name="testNg.FruitTest" tests="2" failures="0" timestamp="18 Feb 2015 00:25:11 GMT" time="27.935" errors="0">
  <testcase name="fruitNameTest" time="11.709" classname="testNg.FruitTest"/>
  <testcase name="appleNameTest" time="16.226" classname="testNg.FruitTest"/>
</testsuite> <!-- testNg.FruitTest -->
