<?xml version="1.0" encoding="UTF-8"?>
<!-- Generated by org.testng.reporters.JUnitReportReporter -->
<testsuite hostname="LENOVO-T440s" name="testNg.Exe27TestNGHighestNumberTest" tests="1" failures="0" timestamp="2 Feb 2015 08:01:14 GMT" time="0.016" errors="0">
  <testcase name="testNgHighestNumber" time="0.016" classname="testNg.Exe27TestNGHighestNumberTest"/>
</testsuite> <!-- testNg.Exe27TestNGHighestNumberTest -->
