<?xml version="1.0" encoding="UTF-8"?>
<!-- Generated by org.testng.reporters.JUnitReportReporter -->
<testsuite hostname="LENOVO-T440s" name="webdriver.ActionsSelectableRandomTest" tests="1" failures="0" timestamp="17 Feb 2015 06:20:34 GMT" time="23.075" errors="0">
  <testcase name="testActionsSelectableRandom" time="23.075" classname="webdriver.ActionsSelectableRandomTest"/>
</testsuite> <!-- webdriver.ActionsSelectableRandomTest -->
