<?xml version="1.0" encoding="UTF-8"?>
<!-- Generated by org.testng.reporters.JUnitReportReporter -->
<testsuite hostname="LENOVO-T440s" name="webdriver.NavigateWindowsIE" tests="1" failures="0" timestamp="15 Feb 2015 22:20:09 GMT" time="8.784" errors="0">
  <testcase name="testSwitchWindows" time="8.784" classname="webdriver.NavigateWindowsIE"/>
</testsuite> <!-- webdriver.NavigateWindowsIE -->
