<?xml version="1.0" encoding="UTF-8"?>
<!-- Generated by org.testng.reporters.JUnitReportReporter -->
<testsuite hostname="LENOVO-T440s" name="webdriver.ActionsDroppableTest" tests="1" failures="0" timestamp="16 Feb 2015 23:54:01 GMT" time="36.022" errors="0">
  <testcase name="testSliding" time="36.022" classname="webdriver.ActionsDroppableTest"/>
</testsuite> <!-- webdriver.ActionsDroppableTest -->
