<?xml version="1.0" encoding="UTF-8"?>
<!-- Generated by org.testng.reporters.JUnitReportReporter -->
<testsuite hostname="LENOVO-T440s" name="testNg.TestingTestNgLifeCycle" tests="2" failures="0" timestamp="31 Jan 2015 18:56:33 GMT" time="0.015" errors="0">
  <testcase name="testCase1" time="0.002" classname="testNg.TestingTestNgLifeCycle"/>
  <testcase name="Case2" time="0.013" classname="testNg.TestingTestNgLifeCycle"/>
</testsuite> <!-- testNg.TestingTestNgLifeCycle -->
