<?xml version="1.0" encoding="UTF-8"?>
<!-- Generated by org.testng.reporters.JUnitReportReporter -->
<testsuite hostname="LENOVO-T440s" name="testNg.testNgAnnotationDependenciesOnMethod" tests="7" failures="0" timestamp="7 Feb 2015 17:50:30 GMT" time="0.000" errors="0">
  <testcase name="test7" time="0.000" classname="testNg.testNgAnnotationDependenciesOnMethod"/>
  <testcase name="test2" time="0.000" classname="testNg.testNgAnnotationDependenciesOnMethod"/>
  <testcase name="test5" time="0.000" classname="testNg.testNgAnnotationDependenciesOnMethod"/>
  <testcase name="test6" time="0.000" classname="testNg.testNgAnnotationDependenciesOnMethod"/>
  <testcase name="test4" time="0.000" classname="testNg.testNgAnnotationDependenciesOnMethod"/>
  <testcase name="test3" time="0.000" classname="testNg.testNgAnnotationDependenciesOnMethod"/>
  <testcase name="test1" time="0.000" classname="testNg.testNgAnnotationDependenciesOnMethod"/>
</testsuite> <!-- testNg.testNgAnnotationDependenciesOnMethod -->
