<?xml version="1.0" encoding="UTF-8"?>
<!-- Generated by org.testng.reporters.JUnitReportReporter -->
<testsuite hostname="LENOVO-T440s" name="testNg.TestNG_2" tests="1" failures="0" timestamp="7 Feb 2015 18:09:28 GMT" time="0.290" errors="0">
  <testcase name="runTestNGTest" time="0.290" classname="testNg.TestNG_2"/>
</testsuite> <!-- testNg.TestNG_2 -->
