<?xml version="1.0" encoding="UTF-8"?>
<!-- Generated by org.testng.reporters.JUnitReportReporter -->
<testsuite hostname="LENOVO-T440s" name="webdriver.SearchOnChromeTest" tests="1" failures="0" timestamp="13 Feb 2015 05:50:56 GMT" time="8.500" errors="0">
  <testcase name="testGoogleSearchOfFF" time="8.500" classname="webdriver.SearchOnChromeTest"/>
</testsuite> <!-- webdriver.SearchOnChromeTest -->
