<?xml version="1.0" encoding="UTF-8"?>
<!-- Generated by org.testng.reporters.JUnitReportReporter -->
<testsuite hostname="LENOVO-T440s" name="webdriver.NavigateWindowsChrome" tests="1" failures="0" timestamp="15 Feb 2015 22:18:53 GMT" time="8.191" errors="0">
  <testcase name="testSwitchWindows" time="8.191" classname="webdriver.NavigateWindowsChrome"/>
</testsuite> <!-- webdriver.NavigateWindowsChrome -->
