<?xml version="1.0" encoding="UTF-8"?>
<!-- Generated by org.testng.reporters.JUnitReportReporter -->
<testsuite hostname="LENOVO-T440s" name="testNg.Exe26TestNGHighestNumberTest" tests="1" failures="0" timestamp="31 Jan 2015 03:22:20 GMT" time="0.021" errors="0">
  <testcase name="testNgHighestNumber" time="0.021" classname="testNg.Exe26TestNGHighestNumberTest"/>
</testsuite> <!-- testNg.Exe26TestNGHighestNumberTest -->
