<?xml version="1.0" encoding="UTF-8"?>
<!-- Generated by org.testng.reporters.JUnitReportReporter -->
<testsuite hostname="LENOVO-T440s" name="webdriver.SearchOnFFTest" tests="1" failures="0" timestamp="12 Feb 2015 03:15:59 GMT" time="10.252" errors="0">
  <testcase name="testGoogleSearchOfFF" time="10.252" classname="webdriver.SearchOnFFTest"/>
</testsuite> <!-- webdriver.SearchOnFFTest -->
