<?xml version="1.0" encoding="UTF-8"?>
<!-- Generated by org.testng.reporters.JUnitReportReporter -->
<testsuite hostname="LENOVO-T440s" name="testNg.TestExer28MultipyDataTestNg" tests="3" failures="0" timestamp="18 Feb 2015 06:44:37 GMT" time="0.016" errors="0">
  <testcase name="testNgMultiply" time="0.000" classname="testNg.TestExer28MultipyDataTestNg"/>
  <testcase name="testNgMultiply" time="0.000" classname="testNg.TestExer28MultipyDataTestNg"/>
  <testcase name="testNgMultiply" time="0.016" classname="testNg.TestExer28MultipyDataTestNg"/>
</testsuite> <!-- testNg.TestExer28MultipyDataTestNg -->
