<?xml version="1.0" encoding="UTF-8"?>
<!-- Generated by org.testng.reporters.JUnitReportReporter -->
<testsuite hostname="LENOVO-T440s" name="webdriver.ActionsSelectableTest1" tests="1" failures="0" timestamp="17 Feb 2015 06:11:13 GMT" time="32.419" errors="0">
  <testcase name="testActionsSelectable" time="32.419" classname="webdriver.ActionsSelectableTest1"/>
</testsuite> <!-- webdriver.ActionsSelectableTest1 -->
