<?xml version="1.0" encoding="UTF-8"?>
<!-- Generated by org.testng.reporters.JUnitReportReporter -->
<testsuite hostname="LENOVO-T440s" name="webdriver.RyppleResetPassword" tests="1" failures="0" timestamp="20 Feb 2015 01:13:23 GMT" time="373.831" errors="0">
  <testcase name="testResetPassword" time="373.831" classname="webdriver.RyppleResetPassword"/>
</testsuite> <!-- webdriver.RyppleResetPassword -->
