<?xml version="1.0" encoding="UTF-8"?>
<!-- Generated by org.testng.reporters.JUnitReportReporter -->
<testsuite hostname="LENOVO-T61" name="webdriver.RyppleNetflixRegistration" tests="5" failures="5" timestamp="8 Mar 2015 20:50:33 GMT" time="0.000" errors="0">
  <testcase name="testNetflixRegistration" time="0.000" classname="webdriver.RyppleNetflixRegistration">
    <failure type="org.openqa.selenium.WebDriverException" message="Failed to connect to binary FirefoxBinary(C:\Program Files\Mozilla Firefox\firefox.exe) on port 7055; process output follows: 
47784924	DeferredSave.extensions.json	DEBUG	Starting write
1425847785061	addons.manager	DEBUG	shutdown
1425847785063	addons.manager	DEBUG	Calling shutdown blocker for XPIProvider
1425847785063	addons.xpi	DEBUG	shutdown
1425847785064	addons.xpi-utils	DEBUG	shutdown
1425847785065	addons.manager	DEBUG	Calling shutdown blocker for LightweightThemeManager
1425847785066	addons.manager	DEBUG	Calling shutdown blocker for OpenH264Provider
1425847785069	addons.manager	DEBUG	Calling shutdown blocker for PluginProvider
1425847785475	DeferredSave.extensions.json	DEBUG	Write succeeded
1425847785475	addons.xpi-utils	DEBUG	XPI Database saved, setting schema version preference to 16
1425847785476	addons.xpi	DEBUG	Notifying XPI shutdown observers
1425847785485	addons.manager	DEBUG	Async provider shutdown done
1425847787369	addons.manager	DEBUG	Loaded provider scope for resource://gre/modules/addons/XPIProvider.jsm: [&quot;XPIProvider&quot;]
1425847787371	addons.manager	DEBUG	Loaded provider scope for resource://gre/modules/LightweightThemeManager.jsm: [&quot;LightweightThemeManager&quot;]
1425847787374	addons.xpi	DEBUG	startup
1425847787375	addons.xpi	INFO	Mapping fxdriver@googlecode.com to C:\Users\Admin\AppData\Local\Temp\anonymous7783635401701239795webdriver-profile\extensions\fxdriver@googlecode.com
1425847787375	addons.xpi	DEBUG	Ignoring file entry whose name is not a valid add-on ID: C:\Users\Admin\AppData\Local\Temp\anonymous7783635401701239795webdriver-profile\extensions\webdriver-staging
1425847787377	addons.xpi	INFO	Mapping {972ce4c6-7e08-4474-a285-3208198ce6fd} to C:\Program Files\Mozilla Firefox\browser\extensions\{972ce4c6-7e08-4474-a285-3208198ce6fd}
1425847787377	addons.xpi	DEBUG	Skipping unavailable install location app-system-share
1425847787377	addons.xpi	DEBUG	Skipping unavailable install location app-system-local
1425847787378	addons.xpi	DEBUG	checkForChanges
1425847787378	addons.xpi	DEBUG	Loaded add-on state from prefs: {&quot;app-profile&quot;:{&quot;fxdriver@googlecode.com&quot;:{&quot;d&quot;:&quot;C:\\Users\\Admin\\AppData\\Local\\Temp\\anonymous7783635401701239795webdriver-profile\\extensions\\fxdriver@googlecode.com&quot;,&quot;e&quot;:true,&quot;v&quot;:&quot;2.44.0&quot;,&quot;st&quot;:1425847780112,&quot;mt&quot;:1425847779768}},&quot;app-global&quot;:{&quot;{972ce4c6-7e08-4474-a285-3208198ce6fd}&quot;:{&quot;d&quot;:&quot;C:\\Program Files\\Mozilla Firefox\\browser\\extensions\\{972ce4c6-7e08-4474-a285-3208198ce6fd}&quot;,&quot;e&quot;:true,&quot;v&quot;:&quot;36.0.1&quot;,&quot;st&quot;:1425846872357,&quot;mt&quot;:1425846870716}}}
1425847787379	addons.xpi	DEBUG	getModTime: Recursive scan of fxdriver@googlecode.com
1425847787399	addons.xpi	DEBUG	getModTime: Recursive scan of {972ce4c6-7e08-4474-a285-3208198ce6fd}
1425847787401	addons.xpi	DEBUG	getInstallState changed: false, state: {&quot;app-profile&quot;:{&quot;fxdriver@googlecode.com&quot;:{&quot;d&quot;:&quot;C:\\Users\\Admin\\AppData\\Local\\Temp\\anonymous7783635401701239795webdriver-profile\\extensions\\fxdriver@googlecode.com&quot;,&quot;e&quot;:true,&quot;v&quot;:&quot;2.44.0&quot;,&quot;st&quot;:1425847780112,&quot;mt&quot;:1425847779768}},&quot;app-global&quot;:{&quot;{972ce4c6-7e08-4474-a285-3208198ce6fd}&quot;:{&quot;d&quot;:&quot;C:\\Program Files\\Mozilla Firefox\\browser\\extensions\\{972ce4c6-7e08-4474-a285-3208198ce6fd}&quot;,&quot;e&quot;:true,&quot;v&quot;:&quot;36.0.1&quot;,&quot;st&quot;:1425846872357,&quot;mt&quot;:1425846870716}}}
1425847787403	addons.xpi	DEBUG	No changes found
1425847787407	addons.manager	DEBUG	Registering shutdown blocker for XPIProvider
1425847787407	addons.manager	DEBUG	Registering shutdown blocker for LightweightThemeManager
1425847787409	addons.manager	DEBUG	Registering shutdown blocker for OpenH264Provider
1425847787409	addons.manager	DEBUG	Registering shutdown blocker for PluginProvider
JavaScript error: file:///C:/Users/Admin/AppData/Local/Temp/anonymous7783635401701239795webdriver-profile/extensions/fxdriver@googlecode.com/components/driver-component.js, line 11487: TypeError: this.server_ is undefined
JavaScript error: chrome://fxdriver/content/server.js, line 38: NS_ERROR_XPC_CI_RETURNED_FAILURE: Component returned failure code: 0x80570015 (NS_ERROR_XPC_CI_RETURNED_FAILURE) [nsIJSCID.createInstance]
*** Blocklist::_preloadBlocklistFile: blocklist is disabled
1425847789050	addons.manager	DEBUG	Registering shutdown blocker for &lt;unnamed-provider&gt;

Build info: version: &#039;2.44.0&#039;, revision: &#039;76d78cf&#039;, time: &#039;2014-10-23 20:02:37&#039;
System info: host: &#039;LENOVO-T61&#039;, ip: &#039;192.168.1.65&#039;, os.name: &#039;Windows 8.1&#039;, os.arch: &#039;x86&#039;, os.version: &#039;6.3&#039;, java.version: &#039;1.8.0_31&#039;
Driver info: driver.version: FirefoxDriver">
      <![CDATA[org.openqa.selenium.WebDriverException: Failed to connect to binary FirefoxBinary(C:\Program Files\Mozilla Firefox\firefox.exe) on port 7055; process output follows: 
47784924	DeferredSave.extensions.json	DEBUG	Starting write
1425847785061	addons.manager	DEBUG	shutdown
1425847785063	addons.manager	DEBUG	Calling shutdown blocker for XPIProvider
1425847785063	addons.xpi	DEBUG	shutdown
1425847785064	addons.xpi-utils	DEBUG	shutdown
1425847785065	addons.manager	DEBUG	Calling shutdown blocker for LightweightThemeManager
1425847785066	addons.manager	DEBUG	Calling shutdown blocker for OpenH264Provider
1425847785069	addons.manager	DEBUG	Calling shutdown blocker for PluginProvider
1425847785475	DeferredSave.extensions.json	DEBUG	Write succeeded
1425847785475	addons.xpi-utils	DEBUG	XPI Database saved, setting schema version preference to 16
1425847785476	addons.xpi	DEBUG	Notifying XPI shutdown observers
1425847785485	addons.manager	DEBUG	Async provider shutdown done
1425847787369	addons.manager	DEBUG	Loaded provider scope for resource://gre/modules/addons/XPIProvider.jsm: ["XPIProvider"]
1425847787371	addons.manager	DEBUG	Loaded provider scope for resource://gre/modules/LightweightThemeManager.jsm: ["LightweightThemeManager"]
1425847787374	addons.xpi	DEBUG	startup
1425847787375	addons.xpi	INFO	Mapping fxdriver@googlecode.com to C:\Users\Admin\AppData\Local\Temp\anonymous7783635401701239795webdriver-profile\extensions\fxdriver@googlecode.com
1425847787375	addons.xpi	DEBUG	Ignoring file entry whose name is not a valid add-on ID: C:\Users\Admin\AppData\Local\Temp\anonymous7783635401701239795webdriver-profile\extensions\webdriver-staging
1425847787377	addons.xpi	INFO	Mapping {972ce4c6-7e08-4474-a285-3208198ce6fd} to C:\Program Files\Mozilla Firefox\browser\extensions\{972ce4c6-7e08-4474-a285-3208198ce6fd}
1425847787377	addons.xpi	DEBUG	Skipping unavailable install location app-system-share
1425847787377	addons.xpi	DEBUG	Skipping unavailable install location app-system-local
1425847787378	addons.xpi	DEBUG	checkForChanges
1425847787378	addons.xpi	DEBUG	Loaded add-on state from prefs: {"app-profile":{"fxdriver@googlecode.com":{"d":"C:\\Users\\Admin\\AppData\\Local\\Temp\\anonymous7783635401701239795webdriver-profile\\extensions\\fxdriver@googlecode.com","e":true,"v":"2.44.0","st":1425847780112,"mt":1425847779768}},"app-global":{"{972ce4c6-7e08-4474-a285-3208198ce6fd}":{"d":"C:\\Program Files\\Mozilla Firefox\\browser\\extensions\\{972ce4c6-7e08-4474-a285-3208198ce6fd}","e":true,"v":"36.0.1","st":1425846872357,"mt":1425846870716}}}
1425847787379	addons.xpi	DEBUG	getModTime: Recursive scan of fxdriver@googlecode.com
1425847787399	addons.xpi	DEBUG	getModTime: Recursive scan of {972ce4c6-7e08-4474-a285-3208198ce6fd}
1425847787401	addons.xpi	DEBUG	getInstallState changed: false, state: {"app-profile":{"fxdriver@googlecode.com":{"d":"C:\\Users\\Admin\\AppData\\Local\\Temp\\anonymous7783635401701239795webdriver-profile\\extensions\\fxdriver@googlecode.com","e":true,"v":"2.44.0","st":1425847780112,"mt":1425847779768}},"app-global":{"{972ce4c6-7e08-4474-a285-3208198ce6fd}":{"d":"C:\\Program Files\\Mozilla Firefox\\browser\\extensions\\{972ce4c6-7e08-4474-a285-3208198ce6fd}","e":true,"v":"36.0.1","st":1425846872357,"mt":1425846870716}}}
1425847787403	addons.xpi	DEBUG	No changes found
1425847787407	addons.manager	DEBUG	Registering shutdown blocker for XPIProvider
1425847787407	addons.manager	DEBUG	Registering shutdown blocker for LightweightThemeManager
1425847787409	addons.manager	DEBUG	Registering shutdown blocker for OpenH264Provider
1425847787409	addons.manager	DEBUG	Registering shutdown blocker for PluginProvider
JavaScript error: file:///C:/Users/Admin/AppData/Local/Temp/anonymous7783635401701239795webdriver-profile/extensions/fxdriver@googlecode.com/components/driver-component.js, line 11487: TypeError: this.server_ is undefined
JavaScript error: chrome://fxdriver/content/server.js, line 38: NS_ERROR_XPC_CI_RETURNED_FAILURE: Component returned failure code: 0x80570015 (NS_ERROR_XPC_CI_RETURNED_FAILURE) [nsIJSCID.createInstance]
*** Blocklist::_preloadBlocklistFile: blocklist is disabled
1425847789050	addons.manager	DEBUG	Registering shutdown blocker for <unnamed-provider>

Build info: version: '2.44.0', revision: '76d78cf', time: '2014-10-23 20:02:37'
System info: host: 'LENOVO-T61', ip: '192.168.1.65', os.name: 'Windows 8.1', os.arch: 'x86', os.version: '6.3', java.version: '1.8.0_31'
Driver info: driver.version: FirefoxDriver
	at org.openqa.selenium.firefox.internal.NewProfileExtensionConnection.start(NewProfileExtensionConnection.java:130)
	at org.openqa.selenium.firefox.FirefoxDriver.startClient(FirefoxDriver.java:246)
	at org.openqa.selenium.remote.RemoteWebDriver.<init>(RemoteWebDriver.java:114)
	at org.openqa.selenium.firefox.FirefoxDriver.<init>(FirefoxDriver.java:193)
	at org.openqa.selenium.firefox.FirefoxDriver.<init>(FirefoxDriver.java:186)
	at org.openqa.selenium.firefox.FirefoxDriver.<init>(FirefoxDriver.java:182)
	at org.openqa.selenium.firefox.FirefoxDriver.<init>(FirefoxDriver.java:95)
	at webdriver.RyppleNetflixRegistration.setup(RyppleNetflixRegistration.java:18)
	at sun.reflect.NativeMethodAccessorImpl.invoke0(Native Method)
	at sun.reflect.NativeMethodAccessorImpl.invoke(Unknown Source)
	at sun.reflect.DelegatingMethodAccessorImpl.invoke(Unknown Source)
	at java.lang.reflect.Method.invoke(Unknown Source)
	at org.testng.internal.MethodInvocationHelper.invokeMethod(MethodInvocationHelper.java:84)
	at org.testng.internal.Invoker.invokeConfigurationMethod(Invoker.java:564)
	at org.testng.internal.Invoker.invokeConfigurations(Invoker.java:213)
	at org.testng.internal.Invoker.invokeMethod(Invoker.java:653)
	at org.testng.internal.Invoker.invokeTestMethod(Invoker.java:901)
	at org.testng.internal.Invoker.invokeTestMethods(Invoker.java:1231)
	at org.testng.internal.TestMethodWorker.invokeTestMethods(TestMethodWorker.java:127)
	at org.testng.internal.TestMethodWorker.run(TestMethodWorker.java:111)
	at org.testng.TestRunner.privateRun(TestRunner.java:767)
	at org.testng.TestRunner.run(TestRunner.java:617)
	at org.testng.SuiteRunner.runTest(SuiteRunner.java:334)
	at org.testng.SuiteRunner.runSequentially(SuiteRunner.java:329)
	at org.testng.SuiteRunner.privateRun(SuiteRunner.java:291)
	at org.testng.SuiteRunner.run(SuiteRunner.java:240)
	at org.testng.SuiteRunnerWorker.runSuite(SuiteRunnerWorker.java:52)
	at org.testng.SuiteRunnerWorker.run(SuiteRunnerWorker.java:86)
	at org.testng.TestNG.runSuitesSequentially(TestNG.java:1224)
	at org.testng.TestNG.runSuitesLocally(TestNG.java:1149)
	at org.testng.TestNG.run(TestNG.java:1057)
	at org.testng.remote.RemoteTestNG.run(RemoteTestNG.java:111)
	at org.testng.remote.RemoteTestNG.initAndRun(RemoteTestNG.java:204)
	at org.testng.remote.RemoteTestNG.main(RemoteTestNG.java:175)
Caused by: org.openqa.selenium.firefox.NotConnectedException: Unable to connect to host 127.0.0.1 on port 7055 after 45000 ms. Firefox console output:
47784924	DeferredSave.extensions.json	DEBUG	Starting write
1425847785061	addons.manager	DEBUG	shutdown
1425847785063	addons.manager	DEBUG	Calling shutdown blocker for XPIProvider
1425847785063	addons.xpi	DEBUG	shutdown
1425847785064	addons.xpi-utils	DEBUG	shutdown
1425847785065	addons.manager	DEBUG	Calling shutdown blocker for LightweightThemeManager
1425847785066	addons.manager	DEBUG	Calling shutdown blocker for OpenH264Provider
1425847785069	addons.manager	DEBUG	Calling shutdown blocker for PluginProvider
1425847785475	DeferredSave.extensions.json	DEBUG	Write succeeded
1425847785475	addons.xpi-utils	DEBUG	XPI Database saved, setting schema version preference to 16
1425847785476	addons.xpi	DEBUG	Notifying XPI shutdown observers
1425847785485	addons.manager	DEBUG	Async provider shutdown done
1425847787369	addons.manager	DEBUG	Loaded provider scope for resource://gre/modules/addons/XPIProvider.jsm: ["XPIProvider"]
1425847787371	addons.manager	DEBUG	Loaded provider scope for resource://gre/modules/LightweightThemeManager.jsm: ["LightweightThemeManager"]
1425847787374	addons.xpi	DEBUG	startup
1425847787375	addons.xpi	INFO	Mapping fxdriver@googlecode.com to C:\Users\Admin\AppData\Local\Temp\anonymous7783635401701239795webdriver-profile\extensions\fxdriver@googlecode.com
1425847787375	addons.xpi	DEBUG	Ignoring file entry whose name is not a valid add-on ID: C:\Users\Admin\AppData\Local\Temp\anonymous7783635401701239795webdriver-profile\extensions\webdriver-staging
1425847787377	addons.xpi	INFO	Mapping {972ce4c6-7e08-4474-a285-3208198ce6fd} to C:\Program Files\Mozilla Firefox\browser\extensions\{972ce4c6-7e08-4474-a285-3208198ce6fd}
1425847787377	addons.xpi	DEBUG	Skipping unavailable install location app-system-share
1425847787377	addons.xpi	DEBUG	Skipping unavailable install location app-system-local
1425847787378	addons.xpi	DEBUG	checkForChanges
1425847787378	addons.xpi	DEBUG	Loaded add-on state from prefs: {"app-profile":{"fxdriver@googlecode.com":{"d":"C:\\Users\\Admin\\AppData\\Local\\Temp\\anonymous7783635401701239795webdriver-profile\\extensions\\fxdriver@googlecode.com","e":true,"v":"2.44.0","st":1425847780112,"mt":1425847779768}},"app-global":{"{972ce4c6-7e08-4474-a285-3208198ce6fd}":{"d":"C:\\Program Files\\Mozilla Firefox\\browser\\extensions\\{972ce4c6-7e08-4474-a285-3208198ce6fd}","e":true,"v":"36.0.1","st":1425846872357,"mt":1425846870716}}}
1425847787379	addons.xpi	DEBUG	getModTime: Recursive scan of fxdriver@googlecode.com
1425847787399	addons.xpi	DEBUG	getModTime: Recursive scan of {972ce4c6-7e08-4474-a285-3208198ce6fd}
1425847787401	addons.xpi	DEBUG	getInstallState changed: false, state: {"app-profile":{"fxdriver@googlecode.com":{"d":"C:\\Users\\Admin\\AppData\\Local\\Temp\\anonymous7783635401701239795webdriver-profile\\extensions\\fxdriver@googlecode.com","e":true,"v":"2.44.0","st":1425847780112,"mt":1425847779768}},"app-global":{"{972ce4c6-7e08-4474-a285-3208198ce6fd}":{"d":"C:\\Program Files\\Mozilla Firefox\\browser\\extensions\\{972ce4c6-7e08-4474-a285-3208198ce6fd}","e":true,"v":"36.0.1","st":1425846872357,"mt":1425846870716}}}
1425847787403	addons.xpi	DEBUG	No changes found
1425847787407	addons.manager	DEBUG	Registering shutdown blocker for XPIProvider
1425847787407	addons.manager	DEBUG	Registering shutdown blocker for LightweightThemeManager
1425847787409	addons.manager	DEBUG	Registering shutdown blocker for OpenH264Provider
1425847787409	addons.manager	DEBUG	Registering shutdown blocker for PluginProvider
JavaScript error: file:///C:/Users/Admin/AppData/Local/Temp/anonymous7783635401701239795webdriver-profile/extensions/fxdriver@googlecode.com/components/driver-component.js, line 11487: TypeError: this.server_ is undefined
JavaScript error: chrome://fxdriver/content/server.js, line 38: NS_ERROR_XPC_CI_RETURNED_FAILURE: Component returned failure code: 0x80570015 (NS_ERROR_XPC_CI_RETURNED_FAILURE) [nsIJSCID.createInstance]
*** Blocklist::_preloadBlocklistFile: blocklist is disabled
1425847789050	addons.manager	DEBUG	Registering shutdown blocker for <unnamed-provider>

	at org.openqa.selenium.firefox.internal.NewProfileExtensionConnection.start(NewProfileExtensionConnection.java:118)
	... 33 more
]]>
    </failure>
  </testcase> <!-- testNetflixRegistration -->
  <testcase name="testNetflixRegistration" time="0.000" classname="webdriver.RyppleNetflixRegistration">
    <failure type="org.openqa.selenium.WebDriverException" message="Failed to connect to binary FirefoxBinary(C:\Program Files\Mozilla Firefox\firefox.exe) on port 7055; process output follows: 
47784924	DeferredSave.extensions.json	DEBUG	Starting write
1425847785061	addons.manager	DEBUG	shutdown
1425847785063	addons.manager	DEBUG	Calling shutdown blocker for XPIProvider
1425847785063	addons.xpi	DEBUG	shutdown
1425847785064	addons.xpi-utils	DEBUG	shutdown
1425847785065	addons.manager	DEBUG	Calling shutdown blocker for LightweightThemeManager
1425847785066	addons.manager	DEBUG	Calling shutdown blocker for OpenH264Provider
1425847785069	addons.manager	DEBUG	Calling shutdown blocker for PluginProvider
1425847785475	DeferredSave.extensions.json	DEBUG	Write succeeded
1425847785475	addons.xpi-utils	DEBUG	XPI Database saved, setting schema version preference to 16
1425847785476	addons.xpi	DEBUG	Notifying XPI shutdown observers
1425847785485	addons.manager	DEBUG	Async provider shutdown done
1425847787369	addons.manager	DEBUG	Loaded provider scope for resource://gre/modules/addons/XPIProvider.jsm: [&quot;XPIProvider&quot;]
1425847787371	addons.manager	DEBUG	Loaded provider scope for resource://gre/modules/LightweightThemeManager.jsm: [&quot;LightweightThemeManager&quot;]
1425847787374	addons.xpi	DEBUG	startup
1425847787375	addons.xpi	INFO	Mapping fxdriver@googlecode.com to C:\Users\Admin\AppData\Local\Temp\anonymous7783635401701239795webdriver-profile\extensions\fxdriver@googlecode.com
1425847787375	addons.xpi	DEBUG	Ignoring file entry whose name is not a valid add-on ID: C:\Users\Admin\AppData\Local\Temp\anonymous7783635401701239795webdriver-profile\extensions\webdriver-staging
1425847787377	addons.xpi	INFO	Mapping {972ce4c6-7e08-4474-a285-3208198ce6fd} to C:\Program Files\Mozilla Firefox\browser\extensions\{972ce4c6-7e08-4474-a285-3208198ce6fd}
1425847787377	addons.xpi	DEBUG	Skipping unavailable install location app-system-share
1425847787377	addons.xpi	DEBUG	Skipping unavailable install location app-system-local
1425847787378	addons.xpi	DEBUG	checkForChanges
1425847787378	addons.xpi	DEBUG	Loaded add-on state from prefs: {&quot;app-profile&quot;:{&quot;fxdriver@googlecode.com&quot;:{&quot;d&quot;:&quot;C:\\Users\\Admin\\AppData\\Local\\Temp\\anonymous7783635401701239795webdriver-profile\\extensions\\fxdriver@googlecode.com&quot;,&quot;e&quot;:true,&quot;v&quot;:&quot;2.44.0&quot;,&quot;st&quot;:1425847780112,&quot;mt&quot;:1425847779768}},&quot;app-global&quot;:{&quot;{972ce4c6-7e08-4474-a285-3208198ce6fd}&quot;:{&quot;d&quot;:&quot;C:\\Program Files\\Mozilla Firefox\\browser\\extensions\\{972ce4c6-7e08-4474-a285-3208198ce6fd}&quot;,&quot;e&quot;:true,&quot;v&quot;:&quot;36.0.1&quot;,&quot;st&quot;:1425846872357,&quot;mt&quot;:1425846870716}}}
1425847787379	addons.xpi	DEBUG	getModTime: Recursive scan of fxdriver@googlecode.com
1425847787399	addons.xpi	DEBUG	getModTime: Recursive scan of {972ce4c6-7e08-4474-a285-3208198ce6fd}
1425847787401	addons.xpi	DEBUG	getInstallState changed: false, state: {&quot;app-profile&quot;:{&quot;fxdriver@googlecode.com&quot;:{&quot;d&quot;:&quot;C:\\Users\\Admin\\AppData\\Local\\Temp\\anonymous7783635401701239795webdriver-profile\\extensions\\fxdriver@googlecode.com&quot;,&quot;e&quot;:true,&quot;v&quot;:&quot;2.44.0&quot;,&quot;st&quot;:1425847780112,&quot;mt&quot;:1425847779768}},&quot;app-global&quot;:{&quot;{972ce4c6-7e08-4474-a285-3208198ce6fd}&quot;:{&quot;d&quot;:&quot;C:\\Program Files\\Mozilla Firefox\\browser\\extensions\\{972ce4c6-7e08-4474-a285-3208198ce6fd}&quot;,&quot;e&quot;:true,&quot;v&quot;:&quot;36.0.1&quot;,&quot;st&quot;:1425846872357,&quot;mt&quot;:1425846870716}}}
1425847787403	addons.xpi	DEBUG	No changes found
1425847787407	addons.manager	DEBUG	Registering shutdown blocker for XPIProvider
1425847787407	addons.manager	DEBUG	Registering shutdown blocker for LightweightThemeManager
1425847787409	addons.manager	DEBUG	Registering shutdown blocker for OpenH264Provider
1425847787409	addons.manager	DEBUG	Registering shutdown blocker for PluginProvider
JavaScript error: file:///C:/Users/Admin/AppData/Local/Temp/anonymous7783635401701239795webdriver-profile/extensions/fxdriver@googlecode.com/components/driver-component.js, line 11487: TypeError: this.server_ is undefined
JavaScript error: chrome://fxdriver/content/server.js, line 38: NS_ERROR_XPC_CI_RETURNED_FAILURE: Component returned failure code: 0x80570015 (NS_ERROR_XPC_CI_RETURNED_FAILURE) [nsIJSCID.createInstance]
*** Blocklist::_preloadBlocklistFile: blocklist is disabled
1425847789050	addons.manager	DEBUG	Registering shutdown blocker for &lt;unnamed-provider&gt;

Build info: version: &#039;2.44.0&#039;, revision: &#039;76d78cf&#039;, time: &#039;2014-10-23 20:02:37&#039;
System info: host: &#039;LENOVO-T61&#039;, ip: &#039;192.168.1.65&#039;, os.name: &#039;Windows 8.1&#039;, os.arch: &#039;x86&#039;, os.version: &#039;6.3&#039;, java.version: &#039;1.8.0_31&#039;
Driver info: driver.version: FirefoxDriver">
      <![CDATA[org.openqa.selenium.WebDriverException: Failed to connect to binary FirefoxBinary(C:\Program Files\Mozilla Firefox\firefox.exe) on port 7055; process output follows: 
47784924	DeferredSave.extensions.json	DEBUG	Starting write
1425847785061	addons.manager	DEBUG	shutdown
1425847785063	addons.manager	DEBUG	Calling shutdown blocker for XPIProvider
1425847785063	addons.xpi	DEBUG	shutdown
1425847785064	addons.xpi-utils	DEBUG	shutdown
1425847785065	addons.manager	DEBUG	Calling shutdown blocker for LightweightThemeManager
1425847785066	addons.manager	DEBUG	Calling shutdown blocker for OpenH264Provider
1425847785069	addons.manager	DEBUG	Calling shutdown blocker for PluginProvider
1425847785475	DeferredSave.extensions.json	DEBUG	Write succeeded
1425847785475	addons.xpi-utils	DEBUG	XPI Database saved, setting schema version preference to 16
1425847785476	addons.xpi	DEBUG	Notifying XPI shutdown observers
1425847785485	addons.manager	DEBUG	Async provider shutdown done
1425847787369	addons.manager	DEBUG	Loaded provider scope for resource://gre/modules/addons/XPIProvider.jsm: ["XPIProvider"]
1425847787371	addons.manager	DEBUG	Loaded provider scope for resource://gre/modules/LightweightThemeManager.jsm: ["LightweightThemeManager"]
1425847787374	addons.xpi	DEBUG	startup
1425847787375	addons.xpi	INFO	Mapping fxdriver@googlecode.com to C:\Users\Admin\AppData\Local\Temp\anonymous7783635401701239795webdriver-profile\extensions\fxdriver@googlecode.com
1425847787375	addons.xpi	DEBUG	Ignoring file entry whose name is not a valid add-on ID: C:\Users\Admin\AppData\Local\Temp\anonymous7783635401701239795webdriver-profile\extensions\webdriver-staging
1425847787377	addons.xpi	INFO	Mapping {972ce4c6-7e08-4474-a285-3208198ce6fd} to C:\Program Files\Mozilla Firefox\browser\extensions\{972ce4c6-7e08-4474-a285-3208198ce6fd}
1425847787377	addons.xpi	DEBUG	Skipping unavailable install location app-system-share
1425847787377	addons.xpi	DEBUG	Skipping unavailable install location app-system-local
1425847787378	addons.xpi	DEBUG	checkForChanges
1425847787378	addons.xpi	DEBUG	Loaded add-on state from prefs: {"app-profile":{"fxdriver@googlecode.com":{"d":"C:\\Users\\Admin\\AppData\\Local\\Temp\\anonymous7783635401701239795webdriver-profile\\extensions\\fxdriver@googlecode.com","e":true,"v":"2.44.0","st":1425847780112,"mt":1425847779768}},"app-global":{"{972ce4c6-7e08-4474-a285-3208198ce6fd}":{"d":"C:\\Program Files\\Mozilla Firefox\\browser\\extensions\\{972ce4c6-7e08-4474-a285-3208198ce6fd}","e":true,"v":"36.0.1","st":1425846872357,"mt":1425846870716}}}
1425847787379	addons.xpi	DEBUG	getModTime: Recursive scan of fxdriver@googlecode.com
1425847787399	addons.xpi	DEBUG	getModTime: Recursive scan of {972ce4c6-7e08-4474-a285-3208198ce6fd}
1425847787401	addons.xpi	DEBUG	getInstallState changed: false, state: {"app-profile":{"fxdriver@googlecode.com":{"d":"C:\\Users\\Admin\\AppData\\Local\\Temp\\anonymous7783635401701239795webdriver-profile\\extensions\\fxdriver@googlecode.com","e":true,"v":"2.44.0","st":1425847780112,"mt":1425847779768}},"app-global":{"{972ce4c6-7e08-4474-a285-3208198ce6fd}":{"d":"C:\\Program Files\\Mozilla Firefox\\browser\\extensions\\{972ce4c6-7e08-4474-a285-3208198ce6fd}","e":true,"v":"36.0.1","st":1425846872357,"mt":1425846870716}}}
1425847787403	addons.xpi	DEBUG	No changes found
1425847787407	addons.manager	DEBUG	Registering shutdown blocker for XPIProvider
1425847787407	addons.manager	DEBUG	Registering shutdown blocker for LightweightThemeManager
1425847787409	addons.manager	DEBUG	Registering shutdown blocker for OpenH264Provider
1425847787409	addons.manager	DEBUG	Registering shutdown blocker for PluginProvider
JavaScript error: file:///C:/Users/Admin/AppData/Local/Temp/anonymous7783635401701239795webdriver-profile/extensions/fxdriver@googlecode.com/components/driver-component.js, line 11487: TypeError: this.server_ is undefined
JavaScript error: chrome://fxdriver/content/server.js, line 38: NS_ERROR_XPC_CI_RETURNED_FAILURE: Component returned failure code: 0x80570015 (NS_ERROR_XPC_CI_RETURNED_FAILURE) [nsIJSCID.createInstance]
*** Blocklist::_preloadBlocklistFile: blocklist is disabled
1425847789050	addons.manager	DEBUG	Registering shutdown blocker for <unnamed-provider>

Build info: version: '2.44.0', revision: '76d78cf', time: '2014-10-23 20:02:37'
System info: host: 'LENOVO-T61', ip: '192.168.1.65', os.name: 'Windows 8.1', os.arch: 'x86', os.version: '6.3', java.version: '1.8.0_31'
Driver info: driver.version: FirefoxDriver
	at org.openqa.selenium.firefox.internal.NewProfileExtensionConnection.start(NewProfileExtensionConnection.java:130)
	at org.openqa.selenium.firefox.FirefoxDriver.startClient(FirefoxDriver.java:246)
	at org.openqa.selenium.remote.RemoteWebDriver.<init>(RemoteWebDriver.java:114)
	at org.openqa.selenium.firefox.FirefoxDriver.<init>(FirefoxDriver.java:193)
	at org.openqa.selenium.firefox.FirefoxDriver.<init>(FirefoxDriver.java:186)
	at org.openqa.selenium.firefox.FirefoxDriver.<init>(FirefoxDriver.java:182)
	at org.openqa.selenium.firefox.FirefoxDriver.<init>(FirefoxDriver.java:95)
	at webdriver.RyppleNetflixRegistration.setup(RyppleNetflixRegistration.java:18)
	at sun.reflect.NativeMethodAccessorImpl.invoke0(Native Method)
	at sun.reflect.NativeMethodAccessorImpl.invoke(Unknown Source)
	at sun.reflect.DelegatingMethodAccessorImpl.invoke(Unknown Source)
	at java.lang.reflect.Method.invoke(Unknown Source)
	at org.testng.internal.MethodInvocationHelper.invokeMethod(MethodInvocationHelper.java:84)
	at org.testng.internal.Invoker.invokeConfigurationMethod(Invoker.java:564)
	at org.testng.internal.Invoker.invokeConfigurations(Invoker.java:213)
	at org.testng.internal.Invoker.invokeMethod(Invoker.java:653)
	at org.testng.internal.Invoker.invokeTestMethod(Invoker.java:901)
	at org.testng.internal.Invoker.invokeTestMethods(Invoker.java:1231)
	at org.testng.internal.TestMethodWorker.invokeTestMethods(TestMethodWorker.java:127)
	at org.testng.internal.TestMethodWorker.run(TestMethodWorker.java:111)
	at org.testng.TestRunner.privateRun(TestRunner.java:767)
	at org.testng.TestRunner.run(TestRunner.java:617)
	at org.testng.SuiteRunner.runTest(SuiteRunner.java:334)
	at org.testng.SuiteRunner.runSequentially(SuiteRunner.java:329)
	at org.testng.SuiteRunner.privateRun(SuiteRunner.java:291)
	at org.testng.SuiteRunner.run(SuiteRunner.java:240)
	at org.testng.SuiteRunnerWorker.runSuite(SuiteRunnerWorker.java:52)
	at org.testng.SuiteRunnerWorker.run(SuiteRunnerWorker.java:86)
	at org.testng.TestNG.runSuitesSequentially(TestNG.java:1224)
	at org.testng.TestNG.runSuitesLocally(TestNG.java:1149)
	at org.testng.TestNG.run(TestNG.java:1057)
	at org.testng.remote.RemoteTestNG.run(RemoteTestNG.java:111)
	at org.testng.remote.RemoteTestNG.initAndRun(RemoteTestNG.java:204)
	at org.testng.remote.RemoteTestNG.main(RemoteTestNG.java:175)
Caused by: org.openqa.selenium.firefox.NotConnectedException: Unable to connect to host 127.0.0.1 on port 7055 after 45000 ms. Firefox console output:
47784924	DeferredSave.extensions.json	DEBUG	Starting write
1425847785061	addons.manager	DEBUG	shutdown
1425847785063	addons.manager	DEBUG	Calling shutdown blocker for XPIProvider
1425847785063	addons.xpi	DEBUG	shutdown
1425847785064	addons.xpi-utils	DEBUG	shutdown
1425847785065	addons.manager	DEBUG	Calling shutdown blocker for LightweightThemeManager
1425847785066	addons.manager	DEBUG	Calling shutdown blocker for OpenH264Provider
1425847785069	addons.manager	DEBUG	Calling shutdown blocker for PluginProvider
1425847785475	DeferredSave.extensions.json	DEBUG	Write succeeded
1425847785475	addons.xpi-utils	DEBUG	XPI Database saved, setting schema version preference to 16
1425847785476	addons.xpi	DEBUG	Notifying XPI shutdown observers
1425847785485	addons.manager	DEBUG	Async provider shutdown done
1425847787369	addons.manager	DEBUG	Loaded provider scope for resource://gre/modules/addons/XPIProvider.jsm: ["XPIProvider"]
1425847787371	addons.manager	DEBUG	Loaded provider scope for resource://gre/modules/LightweightThemeManager.jsm: ["LightweightThemeManager"]
1425847787374	addons.xpi	DEBUG	startup
1425847787375	addons.xpi	INFO	Mapping fxdriver@googlecode.com to C:\Users\Admin\AppData\Local\Temp\anonymous7783635401701239795webdriver-profile\extensions\fxdriver@googlecode.com
1425847787375	addons.xpi	DEBUG	Ignoring file entry whose name is not a valid add-on ID: C:\Users\Admin\AppData\Local\Temp\anonymous7783635401701239795webdriver-profile\extensions\webdriver-staging
1425847787377	addons.xpi	INFO	Mapping {972ce4c6-7e08-4474-a285-3208198ce6fd} to C:\Program Files\Mozilla Firefox\browser\extensions\{972ce4c6-7e08-4474-a285-3208198ce6fd}
1425847787377	addons.xpi	DEBUG	Skipping unavailable install location app-system-share
1425847787377	addons.xpi	DEBUG	Skipping unavailable install location app-system-local
1425847787378	addons.xpi	DEBUG	checkForChanges
1425847787378	addons.xpi	DEBUG	Loaded add-on state from prefs: {"app-profile":{"fxdriver@googlecode.com":{"d":"C:\\Users\\Admin\\AppData\\Local\\Temp\\anonymous7783635401701239795webdriver-profile\\extensions\\fxdriver@googlecode.com","e":true,"v":"2.44.0","st":1425847780112,"mt":1425847779768}},"app-global":{"{972ce4c6-7e08-4474-a285-3208198ce6fd}":{"d":"C:\\Program Files\\Mozilla Firefox\\browser\\extensions\\{972ce4c6-7e08-4474-a285-3208198ce6fd}","e":true,"v":"36.0.1","st":1425846872357,"mt":1425846870716}}}
1425847787379	addons.xpi	DEBUG	getModTime: Recursive scan of fxdriver@googlecode.com
1425847787399	addons.xpi	DEBUG	getModTime: Recursive scan of {972ce4c6-7e08-4474-a285-3208198ce6fd}
1425847787401	addons.xpi	DEBUG	getInstallState changed: false, state: {"app-profile":{"fxdriver@googlecode.com":{"d":"C:\\Users\\Admin\\AppData\\Local\\Temp\\anonymous7783635401701239795webdriver-profile\\extensions\\fxdriver@googlecode.com","e":true,"v":"2.44.0","st":1425847780112,"mt":1425847779768}},"app-global":{"{972ce4c6-7e08-4474-a285-3208198ce6fd}":{"d":"C:\\Program Files\\Mozilla Firefox\\browser\\extensions\\{972ce4c6-7e08-4474-a285-3208198ce6fd}","e":true,"v":"36.0.1","st":1425846872357,"mt":1425846870716}}}
1425847787403	addons.xpi	DEBUG	No changes found
1425847787407	addons.manager	DEBUG	Registering shutdown blocker for XPIProvider
1425847787407	addons.manager	DEBUG	Registering shutdown blocker for LightweightThemeManager
1425847787409	addons.manager	DEBUG	Registering shutdown blocker for OpenH264Provider
1425847787409	addons.manager	DEBUG	Registering shutdown blocker for PluginProvider
JavaScript error: file:///C:/Users/Admin/AppData/Local/Temp/anonymous7783635401701239795webdriver-profile/extensions/fxdriver@googlecode.com/components/driver-component.js, line 11487: TypeError: this.server_ is undefined
JavaScript error: chrome://fxdriver/content/server.js, line 38: NS_ERROR_XPC_CI_RETURNED_FAILURE: Component returned failure code: 0x80570015 (NS_ERROR_XPC_CI_RETURNED_FAILURE) [nsIJSCID.createInstance]
*** Blocklist::_preloadBlocklistFile: blocklist is disabled
1425847789050	addons.manager	DEBUG	Registering shutdown blocker for <unnamed-provider>

	at org.openqa.selenium.firefox.internal.NewProfileExtensionConnection.start(NewProfileExtensionConnection.java:118)
	... 33 more
]]>
    </failure>
  </testcase> <!-- testNetflixRegistration -->
  <testcase name="testNetflixRegistration" time="0.000" classname="webdriver.RyppleNetflixRegistration">
    <failure type="org.openqa.selenium.WebDriverException" message="Failed to connect to binary FirefoxBinary(C:\Program Files\Mozilla Firefox\firefox.exe) on port 7055; process output follows: 
47784924	DeferredSave.extensions.json	DEBUG	Starting write
1425847785061	addons.manager	DEBUG	shutdown
1425847785063	addons.manager	DEBUG	Calling shutdown blocker for XPIProvider
1425847785063	addons.xpi	DEBUG	shutdown
1425847785064	addons.xpi-utils	DEBUG	shutdown
1425847785065	addons.manager	DEBUG	Calling shutdown blocker for LightweightThemeManager
1425847785066	addons.manager	DEBUG	Calling shutdown blocker for OpenH264Provider
1425847785069	addons.manager	DEBUG	Calling shutdown blocker for PluginProvider
1425847785475	DeferredSave.extensions.json	DEBUG	Write succeeded
1425847785475	addons.xpi-utils	DEBUG	XPI Database saved, setting schema version preference to 16
1425847785476	addons.xpi	DEBUG	Notifying XPI shutdown observers
1425847785485	addons.manager	DEBUG	Async provider shutdown done
1425847787369	addons.manager	DEBUG	Loaded provider scope for resource://gre/modules/addons/XPIProvider.jsm: [&quot;XPIProvider&quot;]
1425847787371	addons.manager	DEBUG	Loaded provider scope for resource://gre/modules/LightweightThemeManager.jsm: [&quot;LightweightThemeManager&quot;]
1425847787374	addons.xpi	DEBUG	startup
1425847787375	addons.xpi	INFO	Mapping fxdriver@googlecode.com to C:\Users\Admin\AppData\Local\Temp\anonymous7783635401701239795webdriver-profile\extensions\fxdriver@googlecode.com
1425847787375	addons.xpi	DEBUG	Ignoring file entry whose name is not a valid add-on ID: C:\Users\Admin\AppData\Local\Temp\anonymous7783635401701239795webdriver-profile\extensions\webdriver-staging
1425847787377	addons.xpi	INFO	Mapping {972ce4c6-7e08-4474-a285-3208198ce6fd} to C:\Program Files\Mozilla Firefox\browser\extensions\{972ce4c6-7e08-4474-a285-3208198ce6fd}
1425847787377	addons.xpi	DEBUG	Skipping unavailable install location app-system-share
1425847787377	addons.xpi	DEBUG	Skipping unavailable install location app-system-local
1425847787378	addons.xpi	DEBUG	checkForChanges
1425847787378	addons.xpi	DEBUG	Loaded add-on state from prefs: {&quot;app-profile&quot;:{&quot;fxdriver@googlecode.com&quot;:{&quot;d&quot;:&quot;C:\\Users\\Admin\\AppData\\Local\\Temp\\anonymous7783635401701239795webdriver-profile\\extensions\\fxdriver@googlecode.com&quot;,&quot;e&quot;:true,&quot;v&quot;:&quot;2.44.0&quot;,&quot;st&quot;:1425847780112,&quot;mt&quot;:1425847779768}},&quot;app-global&quot;:{&quot;{972ce4c6-7e08-4474-a285-3208198ce6fd}&quot;:{&quot;d&quot;:&quot;C:\\Program Files\\Mozilla Firefox\\browser\\extensions\\{972ce4c6-7e08-4474-a285-3208198ce6fd}&quot;,&quot;e&quot;:true,&quot;v&quot;:&quot;36.0.1&quot;,&quot;st&quot;:1425846872357,&quot;mt&quot;:1425846870716}}}
1425847787379	addons.xpi	DEBUG	getModTime: Recursive scan of fxdriver@googlecode.com
1425847787399	addons.xpi	DEBUG	getModTime: Recursive scan of {972ce4c6-7e08-4474-a285-3208198ce6fd}
1425847787401	addons.xpi	DEBUG	getInstallState changed: false, state: {&quot;app-profile&quot;:{&quot;fxdriver@googlecode.com&quot;:{&quot;d&quot;:&quot;C:\\Users\\Admin\\AppData\\Local\\Temp\\anonymous7783635401701239795webdriver-profile\\extensions\\fxdriver@googlecode.com&quot;,&quot;e&quot;:true,&quot;v&quot;:&quot;2.44.0&quot;,&quot;st&quot;:1425847780112,&quot;mt&quot;:1425847779768}},&quot;app-global&quot;:{&quot;{972ce4c6-7e08-4474-a285-3208198ce6fd}&quot;:{&quot;d&quot;:&quot;C:\\Program Files\\Mozilla Firefox\\browser\\extensions\\{972ce4c6-7e08-4474-a285-3208198ce6fd}&quot;,&quot;e&quot;:true,&quot;v&quot;:&quot;36.0.1&quot;,&quot;st&quot;:1425846872357,&quot;mt&quot;:1425846870716}}}
1425847787403	addons.xpi	DEBUG	No changes found
1425847787407	addons.manager	DEBUG	Registering shutdown blocker for XPIProvider
1425847787407	addons.manager	DEBUG	Registering shutdown blocker for LightweightThemeManager
1425847787409	addons.manager	DEBUG	Registering shutdown blocker for OpenH264Provider
1425847787409	addons.manager	DEBUG	Registering shutdown blocker for PluginProvider
JavaScript error: file:///C:/Users/Admin/AppData/Local/Temp/anonymous7783635401701239795webdriver-profile/extensions/fxdriver@googlecode.com/components/driver-component.js, line 11487: TypeError: this.server_ is undefined
JavaScript error: chrome://fxdriver/content/server.js, line 38: NS_ERROR_XPC_CI_RETURNED_FAILURE: Component returned failure code: 0x80570015 (NS_ERROR_XPC_CI_RETURNED_FAILURE) [nsIJSCID.createInstance]
*** Blocklist::_preloadBlocklistFile: blocklist is disabled
1425847789050	addons.manager	DEBUG	Registering shutdown blocker for &lt;unnamed-provider&gt;

Build info: version: &#039;2.44.0&#039;, revision: &#039;76d78cf&#039;, time: &#039;2014-10-23 20:02:37&#039;
System info: host: &#039;LENOVO-T61&#039;, ip: &#039;192.168.1.65&#039;, os.name: &#039;Windows 8.1&#039;, os.arch: &#039;x86&#039;, os.version: &#039;6.3&#039;, java.version: &#039;1.8.0_31&#039;
Driver info: driver.version: FirefoxDriver">
      <![CDATA[org.openqa.selenium.WebDriverException: Failed to connect to binary FirefoxBinary(C:\Program Files\Mozilla Firefox\firefox.exe) on port 7055; process output follows: 
47784924	DeferredSave.extensions.json	DEBUG	Starting write
1425847785061	addons.manager	DEBUG	shutdown
1425847785063	addons.manager	DEBUG	Calling shutdown blocker for XPIProvider
1425847785063	addons.xpi	DEBUG	shutdown
1425847785064	addons.xpi-utils	DEBUG	shutdown
1425847785065	addons.manager	DEBUG	Calling shutdown blocker for LightweightThemeManager
1425847785066	addons.manager	DEBUG	Calling shutdown blocker for OpenH264Provider
1425847785069	addons.manager	DEBUG	Calling shutdown blocker for PluginProvider
1425847785475	DeferredSave.extensions.json	DEBUG	Write succeeded
1425847785475	addons.xpi-utils	DEBUG	XPI Database saved, setting schema version preference to 16
1425847785476	addons.xpi	DEBUG	Notifying XPI shutdown observers
1425847785485	addons.manager	DEBUG	Async provider shutdown done
1425847787369	addons.manager	DEBUG	Loaded provider scope for resource://gre/modules/addons/XPIProvider.jsm: ["XPIProvider"]
1425847787371	addons.manager	DEBUG	Loaded provider scope for resource://gre/modules/LightweightThemeManager.jsm: ["LightweightThemeManager"]
1425847787374	addons.xpi	DEBUG	startup
1425847787375	addons.xpi	INFO	Mapping fxdriver@googlecode.com to C:\Users\Admin\AppData\Local\Temp\anonymous7783635401701239795webdriver-profile\extensions\fxdriver@googlecode.com
1425847787375	addons.xpi	DEBUG	Ignoring file entry whose name is not a valid add-on ID: C:\Users\Admin\AppData\Local\Temp\anonymous7783635401701239795webdriver-profile\extensions\webdriver-staging
1425847787377	addons.xpi	INFO	Mapping {972ce4c6-7e08-4474-a285-3208198ce6fd} to C:\Program Files\Mozilla Firefox\browser\extensions\{972ce4c6-7e08-4474-a285-3208198ce6fd}
1425847787377	addons.xpi	DEBUG	Skipping unavailable install location app-system-share
1425847787377	addons.xpi	DEBUG	Skipping unavailable install location app-system-local
1425847787378	addons.xpi	DEBUG	checkForChanges
1425847787378	addons.xpi	DEBUG	Loaded add-on state from prefs: {"app-profile":{"fxdriver@googlecode.com":{"d":"C:\\Users\\Admin\\AppData\\Local\\Temp\\anonymous7783635401701239795webdriver-profile\\extensions\\fxdriver@googlecode.com","e":true,"v":"2.44.0","st":1425847780112,"mt":1425847779768}},"app-global":{"{972ce4c6-7e08-4474-a285-3208198ce6fd}":{"d":"C:\\Program Files\\Mozilla Firefox\\browser\\extensions\\{972ce4c6-7e08-4474-a285-3208198ce6fd}","e":true,"v":"36.0.1","st":1425846872357,"mt":1425846870716}}}
1425847787379	addons.xpi	DEBUG	getModTime: Recursive scan of fxdriver@googlecode.com
1425847787399	addons.xpi	DEBUG	getModTime: Recursive scan of {972ce4c6-7e08-4474-a285-3208198ce6fd}
1425847787401	addons.xpi	DEBUG	getInstallState changed: false, state: {"app-profile":{"fxdriver@googlecode.com":{"d":"C:\\Users\\Admin\\AppData\\Local\\Temp\\anonymous7783635401701239795webdriver-profile\\extensions\\fxdriver@googlecode.com","e":true,"v":"2.44.0","st":1425847780112,"mt":1425847779768}},"app-global":{"{972ce4c6-7e08-4474-a285-3208198ce6fd}":{"d":"C:\\Program Files\\Mozilla Firefox\\browser\\extensions\\{972ce4c6-7e08-4474-a285-3208198ce6fd}","e":true,"v":"36.0.1","st":1425846872357,"mt":1425846870716}}}
1425847787403	addons.xpi	DEBUG	No changes found
1425847787407	addons.manager	DEBUG	Registering shutdown blocker for XPIProvider
1425847787407	addons.manager	DEBUG	Registering shutdown blocker for LightweightThemeManager
1425847787409	addons.manager	DEBUG	Registering shutdown blocker for OpenH264Provider
1425847787409	addons.manager	DEBUG	Registering shutdown blocker for PluginProvider
JavaScript error: file:///C:/Users/Admin/AppData/Local/Temp/anonymous7783635401701239795webdriver-profile/extensions/fxdriver@googlecode.com/components/driver-component.js, line 11487: TypeError: this.server_ is undefined
JavaScript error: chrome://fxdriver/content/server.js, line 38: NS_ERROR_XPC_CI_RETURNED_FAILURE: Component returned failure code: 0x80570015 (NS_ERROR_XPC_CI_RETURNED_FAILURE) [nsIJSCID.createInstance]
*** Blocklist::_preloadBlocklistFile: blocklist is disabled
1425847789050	addons.manager	DEBUG	Registering shutdown blocker for <unnamed-provider>

Build info: version: '2.44.0', revision: '76d78cf', time: '2014-10-23 20:02:37'
System info: host: 'LENOVO-T61', ip: '192.168.1.65', os.name: 'Windows 8.1', os.arch: 'x86', os.version: '6.3', java.version: '1.8.0_31'
Driver info: driver.version: FirefoxDriver
	at org.openqa.selenium.firefox.internal.NewProfileExtensionConnection.start(NewProfileExtensionConnection.java:130)
	at org.openqa.selenium.firefox.FirefoxDriver.startClient(FirefoxDriver.java:246)
	at org.openqa.selenium.remote.RemoteWebDriver.<init>(RemoteWebDriver.java:114)
	at org.openqa.selenium.firefox.FirefoxDriver.<init>(FirefoxDriver.java:193)
	at org.openqa.selenium.firefox.FirefoxDriver.<init>(FirefoxDriver.java:186)
	at org.openqa.selenium.firefox.FirefoxDriver.<init>(FirefoxDriver.java:182)
	at org.openqa.selenium.firefox.FirefoxDriver.<init>(FirefoxDriver.java:95)
	at webdriver.RyppleNetflixRegistration.setup(RyppleNetflixRegistration.java:18)
	at sun.reflect.NativeMethodAccessorImpl.invoke0(Native Method)
	at sun.reflect.NativeMethodAccessorImpl.invoke(Unknown Source)
	at sun.reflect.DelegatingMethodAccessorImpl.invoke(Unknown Source)
	at java.lang.reflect.Method.invoke(Unknown Source)
	at org.testng.internal.MethodInvocationHelper.invokeMethod(MethodInvocationHelper.java:84)
	at org.testng.internal.Invoker.invokeConfigurationMethod(Invoker.java:564)
	at org.testng.internal.Invoker.invokeConfigurations(Invoker.java:213)
	at org.testng.internal.Invoker.invokeMethod(Invoker.java:653)
	at org.testng.internal.Invoker.invokeTestMethod(Invoker.java:901)
	at org.testng.internal.Invoker.invokeTestMethods(Invoker.java:1231)
	at org.testng.internal.TestMethodWorker.invokeTestMethods(TestMethodWorker.java:127)
	at org.testng.internal.TestMethodWorker.run(TestMethodWorker.java:111)
	at org.testng.TestRunner.privateRun(TestRunner.java:767)
	at org.testng.TestRunner.run(TestRunner.java:617)
	at org.testng.SuiteRunner.runTest(SuiteRunner.java:334)
	at org.testng.SuiteRunner.runSequentially(SuiteRunner.java:329)
	at org.testng.SuiteRunner.privateRun(SuiteRunner.java:291)
	at org.testng.SuiteRunner.run(SuiteRunner.java:240)
	at org.testng.SuiteRunnerWorker.runSuite(SuiteRunnerWorker.java:52)
	at org.testng.SuiteRunnerWorker.run(SuiteRunnerWorker.java:86)
	at org.testng.TestNG.runSuitesSequentially(TestNG.java:1224)
	at org.testng.TestNG.runSuitesLocally(TestNG.java:1149)
	at org.testng.TestNG.run(TestNG.java:1057)
	at org.testng.remote.RemoteTestNG.run(RemoteTestNG.java:111)
	at org.testng.remote.RemoteTestNG.initAndRun(RemoteTestNG.java:204)
	at org.testng.remote.RemoteTestNG.main(RemoteTestNG.java:175)
Caused by: org.openqa.selenium.firefox.NotConnectedException: Unable to connect to host 127.0.0.1 on port 7055 after 45000 ms. Firefox console output:
47784924	DeferredSave.extensions.json	DEBUG	Starting write
1425847785061	addons.manager	DEBUG	shutdown
1425847785063	addons.manager	DEBUG	Calling shutdown blocker for XPIProvider
1425847785063	addons.xpi	DEBUG	shutdown
1425847785064	addons.xpi-utils	DEBUG	shutdown
1425847785065	addons.manager	DEBUG	Calling shutdown blocker for LightweightThemeManager
1425847785066	addons.manager	DEBUG	Calling shutdown blocker for OpenH264Provider
1425847785069	addons.manager	DEBUG	Calling shutdown blocker for PluginProvider
1425847785475	DeferredSave.extensions.json	DEBUG	Write succeeded
1425847785475	addons.xpi-utils	DEBUG	XPI Database saved, setting schema version preference to 16
1425847785476	addons.xpi	DEBUG	Notifying XPI shutdown observers
1425847785485	addons.manager	DEBUG	Async provider shutdown done
1425847787369	addons.manager	DEBUG	Loaded provider scope for resource://gre/modules/addons/XPIProvider.jsm: ["XPIProvider"]
1425847787371	addons.manager	DEBUG	Loaded provider scope for resource://gre/modules/LightweightThemeManager.jsm: ["LightweightThemeManager"]
1425847787374	addons.xpi	DEBUG	startup
1425847787375	addons.xpi	INFO	Mapping fxdriver@googlecode.com to C:\Users\Admin\AppData\Local\Temp\anonymous7783635401701239795webdriver-profile\extensions\fxdriver@googlecode.com
1425847787375	addons.xpi	DEBUG	Ignoring file entry whose name is not a valid add-on ID: C:\Users\Admin\AppData\Local\Temp\anonymous7783635401701239795webdriver-profile\extensions\webdriver-staging
1425847787377	addons.xpi	INFO	Mapping {972ce4c6-7e08-4474-a285-3208198ce6fd} to C:\Program Files\Mozilla Firefox\browser\extensions\{972ce4c6-7e08-4474-a285-3208198ce6fd}
1425847787377	addons.xpi	DEBUG	Skipping unavailable install location app-system-share
1425847787377	addons.xpi	DEBUG	Skipping unavailable install location app-system-local
1425847787378	addons.xpi	DEBUG	checkForChanges
1425847787378	addons.xpi	DEBUG	Loaded add-on state from prefs: {"app-profile":{"fxdriver@googlecode.com":{"d":"C:\\Users\\Admin\\AppData\\Local\\Temp\\anonymous7783635401701239795webdriver-profile\\extensions\\fxdriver@googlecode.com","e":true,"v":"2.44.0","st":1425847780112,"mt":1425847779768}},"app-global":{"{972ce4c6-7e08-4474-a285-3208198ce6fd}":{"d":"C:\\Program Files\\Mozilla Firefox\\browser\\extensions\\{972ce4c6-7e08-4474-a285-3208198ce6fd}","e":true,"v":"36.0.1","st":1425846872357,"mt":1425846870716}}}
1425847787379	addons.xpi	DEBUG	getModTime: Recursive scan of fxdriver@googlecode.com
1425847787399	addons.xpi	DEBUG	getModTime: Recursive scan of {972ce4c6-7e08-4474-a285-3208198ce6fd}
1425847787401	addons.xpi	DEBUG	getInstallState changed: false, state: {"app-profile":{"fxdriver@googlecode.com":{"d":"C:\\Users\\Admin\\AppData\\Local\\Temp\\anonymous7783635401701239795webdriver-profile\\extensions\\fxdriver@googlecode.com","e":true,"v":"2.44.0","st":1425847780112,"mt":1425847779768}},"app-global":{"{972ce4c6-7e08-4474-a285-3208198ce6fd}":{"d":"C:\\Program Files\\Mozilla Firefox\\browser\\extensions\\{972ce4c6-7e08-4474-a285-3208198ce6fd}","e":true,"v":"36.0.1","st":1425846872357,"mt":1425846870716}}}
1425847787403	addons.xpi	DEBUG	No changes found
1425847787407	addons.manager	DEBUG	Registering shutdown blocker for XPIProvider
1425847787407	addons.manager	DEBUG	Registering shutdown blocker for LightweightThemeManager
1425847787409	addons.manager	DEBUG	Registering shutdown blocker for OpenH264Provider
1425847787409	addons.manager	DEBUG	Registering shutdown blocker for PluginProvider
JavaScript error: file:///C:/Users/Admin/AppData/Local/Temp/anonymous7783635401701239795webdriver-profile/extensions/fxdriver@googlecode.com/components/driver-component.js, line 11487: TypeError: this.server_ is undefined
JavaScript error: chrome://fxdriver/content/server.js, line 38: NS_ERROR_XPC_CI_RETURNED_FAILURE: Component returned failure code: 0x80570015 (NS_ERROR_XPC_CI_RETURNED_FAILURE) [nsIJSCID.createInstance]
*** Blocklist::_preloadBlocklistFile: blocklist is disabled
1425847789050	addons.manager	DEBUG	Registering shutdown blocker for <unnamed-provider>

	at org.openqa.selenium.firefox.internal.NewProfileExtensionConnection.start(NewProfileExtensionConnection.java:118)
	... 33 more
]]>
    </failure>
  </testcase> <!-- testNetflixRegistration -->
  <testcase name="testNetflixRegistration" time="0.000" classname="webdriver.RyppleNetflixRegistration">
    <failure type="org.openqa.selenium.WebDriverException" message="Failed to connect to binary FirefoxBinary(C:\Program Files\Mozilla Firefox\firefox.exe) on port 7055; process output follows: 
47784924	DeferredSave.extensions.json	DEBUG	Starting write
1425847785061	addons.manager	DEBUG	shutdown
1425847785063	addons.manager	DEBUG	Calling shutdown blocker for XPIProvider
1425847785063	addons.xpi	DEBUG	shutdown
1425847785064	addons.xpi-utils	DEBUG	shutdown
1425847785065	addons.manager	DEBUG	Calling shutdown blocker for LightweightThemeManager
1425847785066	addons.manager	DEBUG	Calling shutdown blocker for OpenH264Provider
1425847785069	addons.manager	DEBUG	Calling shutdown blocker for PluginProvider
1425847785475	DeferredSave.extensions.json	DEBUG	Write succeeded
1425847785475	addons.xpi-utils	DEBUG	XPI Database saved, setting schema version preference to 16
1425847785476	addons.xpi	DEBUG	Notifying XPI shutdown observers
1425847785485	addons.manager	DEBUG	Async provider shutdown done
1425847787369	addons.manager	DEBUG	Loaded provider scope for resource://gre/modules/addons/XPIProvider.jsm: [&quot;XPIProvider&quot;]
1425847787371	addons.manager	DEBUG	Loaded provider scope for resource://gre/modules/LightweightThemeManager.jsm: [&quot;LightweightThemeManager&quot;]
1425847787374	addons.xpi	DEBUG	startup
1425847787375	addons.xpi	INFO	Mapping fxdriver@googlecode.com to C:\Users\Admin\AppData\Local\Temp\anonymous7783635401701239795webdriver-profile\extensions\fxdriver@googlecode.com
1425847787375	addons.xpi	DEBUG	Ignoring file entry whose name is not a valid add-on ID: C:\Users\Admin\AppData\Local\Temp\anonymous7783635401701239795webdriver-profile\extensions\webdriver-staging
1425847787377	addons.xpi	INFO	Mapping {972ce4c6-7e08-4474-a285-3208198ce6fd} to C:\Program Files\Mozilla Firefox\browser\extensions\{972ce4c6-7e08-4474-a285-3208198ce6fd}
1425847787377	addons.xpi	DEBUG	Skipping unavailable install location app-system-share
1425847787377	addons.xpi	DEBUG	Skipping unavailable install location app-system-local
1425847787378	addons.xpi	DEBUG	checkForChanges
1425847787378	addons.xpi	DEBUG	Loaded add-on state from prefs: {&quot;app-profile&quot;:{&quot;fxdriver@googlecode.com&quot;:{&quot;d&quot;:&quot;C:\\Users\\Admin\\AppData\\Local\\Temp\\anonymous7783635401701239795webdriver-profile\\extensions\\fxdriver@googlecode.com&quot;,&quot;e&quot;:true,&quot;v&quot;:&quot;2.44.0&quot;,&quot;st&quot;:1425847780112,&quot;mt&quot;:1425847779768}},&quot;app-global&quot;:{&quot;{972ce4c6-7e08-4474-a285-3208198ce6fd}&quot;:{&quot;d&quot;:&quot;C:\\Program Files\\Mozilla Firefox\\browser\\extensions\\{972ce4c6-7e08-4474-a285-3208198ce6fd}&quot;,&quot;e&quot;:true,&quot;v&quot;:&quot;36.0.1&quot;,&quot;st&quot;:1425846872357,&quot;mt&quot;:1425846870716}}}
1425847787379	addons.xpi	DEBUG	getModTime: Recursive scan of fxdriver@googlecode.com
1425847787399	addons.xpi	DEBUG	getModTime: Recursive scan of {972ce4c6-7e08-4474-a285-3208198ce6fd}
1425847787401	addons.xpi	DEBUG	getInstallState changed: false, state: {&quot;app-profile&quot;:{&quot;fxdriver@googlecode.com&quot;:{&quot;d&quot;:&quot;C:\\Users\\Admin\\AppData\\Local\\Temp\\anonymous7783635401701239795webdriver-profile\\extensions\\fxdriver@googlecode.com&quot;,&quot;e&quot;:true,&quot;v&quot;:&quot;2.44.0&quot;,&quot;st&quot;:1425847780112,&quot;mt&quot;:1425847779768}},&quot;app-global&quot;:{&quot;{972ce4c6-7e08-4474-a285-3208198ce6fd}&quot;:{&quot;d&quot;:&quot;C:\\Program Files\\Mozilla Firefox\\browser\\extensions\\{972ce4c6-7e08-4474-a285-3208198ce6fd}&quot;,&quot;e&quot;:true,&quot;v&quot;:&quot;36.0.1&quot;,&quot;st&quot;:1425846872357,&quot;mt&quot;:1425846870716}}}
1425847787403	addons.xpi	DEBUG	No changes found
1425847787407	addons.manager	DEBUG	Registering shutdown blocker for XPIProvider
1425847787407	addons.manager	DEBUG	Registering shutdown blocker for LightweightThemeManager
1425847787409	addons.manager	DEBUG	Registering shutdown blocker for OpenH264Provider
1425847787409	addons.manager	DEBUG	Registering shutdown blocker for PluginProvider
JavaScript error: file:///C:/Users/Admin/AppData/Local/Temp/anonymous7783635401701239795webdriver-profile/extensions/fxdriver@googlecode.com/components/driver-component.js, line 11487: TypeError: this.server_ is undefined
JavaScript error: chrome://fxdriver/content/server.js, line 38: NS_ERROR_XPC_CI_RETURNED_FAILURE: Component returned failure code: 0x80570015 (NS_ERROR_XPC_CI_RETURNED_FAILURE) [nsIJSCID.createInstance]
*** Blocklist::_preloadBlocklistFile: blocklist is disabled
1425847789050	addons.manager	DEBUG	Registering shutdown blocker for &lt;unnamed-provider&gt;

Build info: version: &#039;2.44.0&#039;, revision: &#039;76d78cf&#039;, time: &#039;2014-10-23 20:02:37&#039;
System info: host: &#039;LENOVO-T61&#039;, ip: &#039;192.168.1.65&#039;, os.name: &#039;Windows 8.1&#039;, os.arch: &#039;x86&#039;, os.version: &#039;6.3&#039;, java.version: &#039;1.8.0_31&#039;
Driver info: driver.version: FirefoxDriver">
      <![CDATA[org.openqa.selenium.WebDriverException: Failed to connect to binary FirefoxBinary(C:\Program Files\Mozilla Firefox\firefox.exe) on port 7055; process output follows: 
47784924	DeferredSave.extensions.json	DEBUG	Starting write
1425847785061	addons.manager	DEBUG	shutdown
1425847785063	addons.manager	DEBUG	Calling shutdown blocker for XPIProvider
1425847785063	addons.xpi	DEBUG	shutdown
1425847785064	addons.xpi-utils	DEBUG	shutdown
1425847785065	addons.manager	DEBUG	Calling shutdown blocker for LightweightThemeManager
1425847785066	addons.manager	DEBUG	Calling shutdown blocker for OpenH264Provider
1425847785069	addons.manager	DEBUG	Calling shutdown blocker for PluginProvider
1425847785475	DeferredSave.extensions.json	DEBUG	Write succeeded
1425847785475	addons.xpi-utils	DEBUG	XPI Database saved, setting schema version preference to 16
1425847785476	addons.xpi	DEBUG	Notifying XPI shutdown observers
1425847785485	addons.manager	DEBUG	Async provider shutdown done
1425847787369	addons.manager	DEBUG	Loaded provider scope for resource://gre/modules/addons/XPIProvider.jsm: ["XPIProvider"]
1425847787371	addons.manager	DEBUG	Loaded provider scope for resource://gre/modules/LightweightThemeManager.jsm: ["LightweightThemeManager"]
1425847787374	addons.xpi	DEBUG	startup
1425847787375	addons.xpi	INFO	Mapping fxdriver@googlecode.com to C:\Users\Admin\AppData\Local\Temp\anonymous7783635401701239795webdriver-profile\extensions\fxdriver@googlecode.com
1425847787375	addons.xpi	DEBUG	Ignoring file entry whose name is not a valid add-on ID: C:\Users\Admin\AppData\Local\Temp\anonymous7783635401701239795webdriver-profile\extensions\webdriver-staging
1425847787377	addons.xpi	INFO	Mapping {972ce4c6-7e08-4474-a285-3208198ce6fd} to C:\Program Files\Mozilla Firefox\browser\extensions\{972ce4c6-7e08-4474-a285-3208198ce6fd}
1425847787377	addons.xpi	DEBUG	Skipping unavailable install location app-system-share
1425847787377	addons.xpi	DEBUG	Skipping unavailable install location app-system-local
1425847787378	addons.xpi	DEBUG	checkForChanges
1425847787378	addons.xpi	DEBUG	Loaded add-on state from prefs: {"app-profile":{"fxdriver@googlecode.com":{"d":"C:\\Users\\Admin\\AppData\\Local\\Temp\\anonymous7783635401701239795webdriver-profile\\extensions\\fxdriver@googlecode.com","e":true,"v":"2.44.0","st":1425847780112,"mt":1425847779768}},"app-global":{"{972ce4c6-7e08-4474-a285-3208198ce6fd}":{"d":"C:\\Program Files\\Mozilla Firefox\\browser\\extensions\\{972ce4c6-7e08-4474-a285-3208198ce6fd}","e":true,"v":"36.0.1","st":1425846872357,"mt":1425846870716}}}
1425847787379	addons.xpi	DEBUG	getModTime: Recursive scan of fxdriver@googlecode.com
1425847787399	addons.xpi	DEBUG	getModTime: Recursive scan of {972ce4c6-7e08-4474-a285-3208198ce6fd}
1425847787401	addons.xpi	DEBUG	getInstallState changed: false, state: {"app-profile":{"fxdriver@googlecode.com":{"d":"C:\\Users\\Admin\\AppData\\Local\\Temp\\anonymous7783635401701239795webdriver-profile\\extensions\\fxdriver@googlecode.com","e":true,"v":"2.44.0","st":1425847780112,"mt":1425847779768}},"app-global":{"{972ce4c6-7e08-4474-a285-3208198ce6fd}":{"d":"C:\\Program Files\\Mozilla Firefox\\browser\\extensions\\{972ce4c6-7e08-4474-a285-3208198ce6fd}","e":true,"v":"36.0.1","st":1425846872357,"mt":1425846870716}}}
1425847787403	addons.xpi	DEBUG	No changes found
1425847787407	addons.manager	DEBUG	Registering shutdown blocker for XPIProvider
1425847787407	addons.manager	DEBUG	Registering shutdown blocker for LightweightThemeManager
1425847787409	addons.manager	DEBUG	Registering shutdown blocker for OpenH264Provider
1425847787409	addons.manager	DEBUG	Registering shutdown blocker for PluginProvider
JavaScript error: file:///C:/Users/Admin/AppData/Local/Temp/anonymous7783635401701239795webdriver-profile/extensions/fxdriver@googlecode.com/components/driver-component.js, line 11487: TypeError: this.server_ is undefined
JavaScript error: chrome://fxdriver/content/server.js, line 38: NS_ERROR_XPC_CI_RETURNED_FAILURE: Component returned failure code: 0x80570015 (NS_ERROR_XPC_CI_RETURNED_FAILURE) [nsIJSCID.createInstance]
*** Blocklist::_preloadBlocklistFile: blocklist is disabled
1425847789050	addons.manager	DEBUG	Registering shutdown blocker for <unnamed-provider>

Build info: version: '2.44.0', revision: '76d78cf', time: '2014-10-23 20:02:37'
System info: host: 'LENOVO-T61', ip: '192.168.1.65', os.name: 'Windows 8.1', os.arch: 'x86', os.version: '6.3', java.version: '1.8.0_31'
Driver info: driver.version: FirefoxDriver
	at org.openqa.selenium.firefox.internal.NewProfileExtensionConnection.start(NewProfileExtensionConnection.java:130)
	at org.openqa.selenium.firefox.FirefoxDriver.startClient(FirefoxDriver.java:246)
	at org.openqa.selenium.remote.RemoteWebDriver.<init>(RemoteWebDriver.java:114)
	at org.openqa.selenium.firefox.FirefoxDriver.<init>(FirefoxDriver.java:193)
	at org.openqa.selenium.firefox.FirefoxDriver.<init>(FirefoxDriver.java:186)
	at org.openqa.selenium.firefox.FirefoxDriver.<init>(FirefoxDriver.java:182)
	at org.openqa.selenium.firefox.FirefoxDriver.<init>(FirefoxDriver.java:95)
	at webdriver.RyppleNetflixRegistration.setup(RyppleNetflixRegistration.java:18)
	at sun.reflect.NativeMethodAccessorImpl.invoke0(Native Method)
	at sun.reflect.NativeMethodAccessorImpl.invoke(Unknown Source)
	at sun.reflect.DelegatingMethodAccessorImpl.invoke(Unknown Source)
	at java.lang.reflect.Method.invoke(Unknown Source)
	at org.testng.internal.MethodInvocationHelper.invokeMethod(MethodInvocationHelper.java:84)
	at org.testng.internal.Invoker.invokeConfigurationMethod(Invoker.java:564)
	at org.testng.internal.Invoker.invokeConfigurations(Invoker.java:213)
	at org.testng.internal.Invoker.invokeMethod(Invoker.java:653)
	at org.testng.internal.Invoker.invokeTestMethod(Invoker.java:901)
	at org.testng.internal.Invoker.invokeTestMethods(Invoker.java:1231)
	at org.testng.internal.TestMethodWorker.invokeTestMethods(TestMethodWorker.java:127)
	at org.testng.internal.TestMethodWorker.run(TestMethodWorker.java:111)
	at org.testng.TestRunner.privateRun(TestRunner.java:767)
	at org.testng.TestRunner.run(TestRunner.java:617)
	at org.testng.SuiteRunner.runTest(SuiteRunner.java:334)
	at org.testng.SuiteRunner.runSequentially(SuiteRunner.java:329)
	at org.testng.SuiteRunner.privateRun(SuiteRunner.java:291)
	at org.testng.SuiteRunner.run(SuiteRunner.java:240)
	at org.testng.SuiteRunnerWorker.runSuite(SuiteRunnerWorker.java:52)
	at org.testng.SuiteRunnerWorker.run(SuiteRunnerWorker.java:86)
	at org.testng.TestNG.runSuitesSequentially(TestNG.java:1224)
	at org.testng.TestNG.runSuitesLocally(TestNG.java:1149)
	at org.testng.TestNG.run(TestNG.java:1057)
	at org.testng.remote.RemoteTestNG.run(RemoteTestNG.java:111)
	at org.testng.remote.RemoteTestNG.initAndRun(RemoteTestNG.java:204)
	at org.testng.remote.RemoteTestNG.main(RemoteTestNG.java:175)
Caused by: org.openqa.selenium.firefox.NotConnectedException: Unable to connect to host 127.0.0.1 on port 7055 after 45000 ms. Firefox console output:
47784924	DeferredSave.extensions.json	DEBUG	Starting write
1425847785061	addons.manager	DEBUG	shutdown
1425847785063	addons.manager	DEBUG	Calling shutdown blocker for XPIProvider
1425847785063	addons.xpi	DEBUG	shutdown
1425847785064	addons.xpi-utils	DEBUG	shutdown
1425847785065	addons.manager	DEBUG	Calling shutdown blocker for LightweightThemeManager
1425847785066	addons.manager	DEBUG	Calling shutdown blocker for OpenH264Provider
1425847785069	addons.manager	DEBUG	Calling shutdown blocker for PluginProvider
1425847785475	DeferredSave.extensions.json	DEBUG	Write succeeded
1425847785475	addons.xpi-utils	DEBUG	XPI Database saved, setting schema version preference to 16
1425847785476	addons.xpi	DEBUG	Notifying XPI shutdown observers
1425847785485	addons.manager	DEBUG	Async provider shutdown done
1425847787369	addons.manager	DEBUG	Loaded provider scope for resource://gre/modules/addons/XPIProvider.jsm: ["XPIProvider"]
1425847787371	addons.manager	DEBUG	Loaded provider scope for resource://gre/modules/LightweightThemeManager.jsm: ["LightweightThemeManager"]
1425847787374	addons.xpi	DEBUG	startup
1425847787375	addons.xpi	INFO	Mapping fxdriver@googlecode.com to C:\Users\Admin\AppData\Local\Temp\anonymous7783635401701239795webdriver-profile\extensions\fxdriver@googlecode.com
1425847787375	addons.xpi	DEBUG	Ignoring file entry whose name is not a valid add-on ID: C:\Users\Admin\AppData\Local\Temp\anonymous7783635401701239795webdriver-profile\extensions\webdriver-staging
1425847787377	addons.xpi	INFO	Mapping {972ce4c6-7e08-4474-a285-3208198ce6fd} to C:\Program Files\Mozilla Firefox\browser\extensions\{972ce4c6-7e08-4474-a285-3208198ce6fd}
1425847787377	addons.xpi	DEBUG	Skipping unavailable install location app-system-share
1425847787377	addons.xpi	DEBUG	Skipping unavailable install location app-system-local
1425847787378	addons.xpi	DEBUG	checkForChanges
1425847787378	addons.xpi	DEBUG	Loaded add-on state from prefs: {"app-profile":{"fxdriver@googlecode.com":{"d":"C:\\Users\\Admin\\AppData\\Local\\Temp\\anonymous7783635401701239795webdriver-profile\\extensions\\fxdriver@googlecode.com","e":true,"v":"2.44.0","st":1425847780112,"mt":1425847779768}},"app-global":{"{972ce4c6-7e08-4474-a285-3208198ce6fd}":{"d":"C:\\Program Files\\Mozilla Firefox\\browser\\extensions\\{972ce4c6-7e08-4474-a285-3208198ce6fd}","e":true,"v":"36.0.1","st":1425846872357,"mt":1425846870716}}}
1425847787379	addons.xpi	DEBUG	getModTime: Recursive scan of fxdriver@googlecode.com
1425847787399	addons.xpi	DEBUG	getModTime: Recursive scan of {972ce4c6-7e08-4474-a285-3208198ce6fd}
1425847787401	addons.xpi	DEBUG	getInstallState changed: false, state: {"app-profile":{"fxdriver@googlecode.com":{"d":"C:\\Users\\Admin\\AppData\\Local\\Temp\\anonymous7783635401701239795webdriver-profile\\extensions\\fxdriver@googlecode.com","e":true,"v":"2.44.0","st":1425847780112,"mt":1425847779768}},"app-global":{"{972ce4c6-7e08-4474-a285-3208198ce6fd}":{"d":"C:\\Program Files\\Mozilla Firefox\\browser\\extensions\\{972ce4c6-7e08-4474-a285-3208198ce6fd}","e":true,"v":"36.0.1","st":1425846872357,"mt":1425846870716}}}
1425847787403	addons.xpi	DEBUG	No changes found
1425847787407	addons.manager	DEBUG	Registering shutdown blocker for XPIProvider
1425847787407	addons.manager	DEBUG	Registering shutdown blocker for LightweightThemeManager
1425847787409	addons.manager	DEBUG	Registering shutdown blocker for OpenH264Provider
1425847787409	addons.manager	DEBUG	Registering shutdown blocker for PluginProvider
JavaScript error: file:///C:/Users/Admin/AppData/Local/Temp/anonymous7783635401701239795webdriver-profile/extensions/fxdriver@googlecode.com/components/driver-component.js, line 11487: TypeError: this.server_ is undefined
JavaScript error: chrome://fxdriver/content/server.js, line 38: NS_ERROR_XPC_CI_RETURNED_FAILURE: Component returned failure code: 0x80570015 (NS_ERROR_XPC_CI_RETURNED_FAILURE) [nsIJSCID.createInstance]
*** Blocklist::_preloadBlocklistFile: blocklist is disabled
1425847789050	addons.manager	DEBUG	Registering shutdown blocker for <unnamed-provider>

	at org.openqa.selenium.firefox.internal.NewProfileExtensionConnection.start(NewProfileExtensionConnection.java:118)
	... 33 more
]]>
    </failure>
  </testcase> <!-- testNetflixRegistration -->
  <testcase name="testNetflixRegistration" time="0.000" classname="webdriver.RyppleNetflixRegistration">
    <failure type="org.openqa.selenium.WebDriverException" message="Failed to connect to binary FirefoxBinary(C:\Program Files\Mozilla Firefox\firefox.exe) on port 7055; process output follows: 
47784924	DeferredSave.extensions.json	DEBUG	Starting write
1425847785061	addons.manager	DEBUG	shutdown
1425847785063	addons.manager	DEBUG	Calling shutdown blocker for XPIProvider
1425847785063	addons.xpi	DEBUG	shutdown
1425847785064	addons.xpi-utils	DEBUG	shutdown
1425847785065	addons.manager	DEBUG	Calling shutdown blocker for LightweightThemeManager
1425847785066	addons.manager	DEBUG	Calling shutdown blocker for OpenH264Provider
1425847785069	addons.manager	DEBUG	Calling shutdown blocker for PluginProvider
1425847785475	DeferredSave.extensions.json	DEBUG	Write succeeded
1425847785475	addons.xpi-utils	DEBUG	XPI Database saved, setting schema version preference to 16
1425847785476	addons.xpi	DEBUG	Notifying XPI shutdown observers
1425847785485	addons.manager	DEBUG	Async provider shutdown done
1425847787369	addons.manager	DEBUG	Loaded provider scope for resource://gre/modules/addons/XPIProvider.jsm: [&quot;XPIProvider&quot;]
1425847787371	addons.manager	DEBUG	Loaded provider scope for resource://gre/modules/LightweightThemeManager.jsm: [&quot;LightweightThemeManager&quot;]
1425847787374	addons.xpi	DEBUG	startup
1425847787375	addons.xpi	INFO	Mapping fxdriver@googlecode.com to C:\Users\Admin\AppData\Local\Temp\anonymous7783635401701239795webdriver-profile\extensions\fxdriver@googlecode.com
1425847787375	addons.xpi	DEBUG	Ignoring file entry whose name is not a valid add-on ID: C:\Users\Admin\AppData\Local\Temp\anonymous7783635401701239795webdriver-profile\extensions\webdriver-staging
1425847787377	addons.xpi	INFO	Mapping {972ce4c6-7e08-4474-a285-3208198ce6fd} to C:\Program Files\Mozilla Firefox\browser\extensions\{972ce4c6-7e08-4474-a285-3208198ce6fd}
1425847787377	addons.xpi	DEBUG	Skipping unavailable install location app-system-share
1425847787377	addons.xpi	DEBUG	Skipping unavailable install location app-system-local
1425847787378	addons.xpi	DEBUG	checkForChanges
1425847787378	addons.xpi	DEBUG	Loaded add-on state from prefs: {&quot;app-profile&quot;:{&quot;fxdriver@googlecode.com&quot;:{&quot;d&quot;:&quot;C:\\Users\\Admin\\AppData\\Local\\Temp\\anonymous7783635401701239795webdriver-profile\\extensions\\fxdriver@googlecode.com&quot;,&quot;e&quot;:true,&quot;v&quot;:&quot;2.44.0&quot;,&quot;st&quot;:1425847780112,&quot;mt&quot;:1425847779768}},&quot;app-global&quot;:{&quot;{972ce4c6-7e08-4474-a285-3208198ce6fd}&quot;:{&quot;d&quot;:&quot;C:\\Program Files\\Mozilla Firefox\\browser\\extensions\\{972ce4c6-7e08-4474-a285-3208198ce6fd}&quot;,&quot;e&quot;:true,&quot;v&quot;:&quot;36.0.1&quot;,&quot;st&quot;:1425846872357,&quot;mt&quot;:1425846870716}}}
1425847787379	addons.xpi	DEBUG	getModTime: Recursive scan of fxdriver@googlecode.com
1425847787399	addons.xpi	DEBUG	getModTime: Recursive scan of {972ce4c6-7e08-4474-a285-3208198ce6fd}
1425847787401	addons.xpi	DEBUG	getInstallState changed: false, state: {&quot;app-profile&quot;:{&quot;fxdriver@googlecode.com&quot;:{&quot;d&quot;:&quot;C:\\Users\\Admin\\AppData\\Local\\Temp\\anonymous7783635401701239795webdriver-profile\\extensions\\fxdriver@googlecode.com&quot;,&quot;e&quot;:true,&quot;v&quot;:&quot;2.44.0&quot;,&quot;st&quot;:1425847780112,&quot;mt&quot;:1425847779768}},&quot;app-global&quot;:{&quot;{972ce4c6-7e08-4474-a285-3208198ce6fd}&quot;:{&quot;d&quot;:&quot;C:\\Program Files\\Mozilla Firefox\\browser\\extensions\\{972ce4c6-7e08-4474-a285-3208198ce6fd}&quot;,&quot;e&quot;:true,&quot;v&quot;:&quot;36.0.1&quot;,&quot;st&quot;:1425846872357,&quot;mt&quot;:1425846870716}}}
1425847787403	addons.xpi	DEBUG	No changes found
1425847787407	addons.manager	DEBUG	Registering shutdown blocker for XPIProvider
1425847787407	addons.manager	DEBUG	Registering shutdown blocker for LightweightThemeManager
1425847787409	addons.manager	DEBUG	Registering shutdown blocker for OpenH264Provider
1425847787409	addons.manager	DEBUG	Registering shutdown blocker for PluginProvider
JavaScript error: file:///C:/Users/Admin/AppData/Local/Temp/anonymous7783635401701239795webdriver-profile/extensions/fxdriver@googlecode.com/components/driver-component.js, line 11487: TypeError: this.server_ is undefined
JavaScript error: chrome://fxdriver/content/server.js, line 38: NS_ERROR_XPC_CI_RETURNED_FAILURE: Component returned failure code: 0x80570015 (NS_ERROR_XPC_CI_RETURNED_FAILURE) [nsIJSCID.createInstance]
*** Blocklist::_preloadBlocklistFile: blocklist is disabled
1425847789050	addons.manager	DEBUG	Registering shutdown blocker for &lt;unnamed-provider&gt;

Build info: version: &#039;2.44.0&#039;, revision: &#039;76d78cf&#039;, time: &#039;2014-10-23 20:02:37&#039;
System info: host: &#039;LENOVO-T61&#039;, ip: &#039;192.168.1.65&#039;, os.name: &#039;Windows 8.1&#039;, os.arch: &#039;x86&#039;, os.version: &#039;6.3&#039;, java.version: &#039;1.8.0_31&#039;
Driver info: driver.version: FirefoxDriver">
      <![CDATA[org.openqa.selenium.WebDriverException: Failed to connect to binary FirefoxBinary(C:\Program Files\Mozilla Firefox\firefox.exe) on port 7055; process output follows: 
47784924	DeferredSave.extensions.json	DEBUG	Starting write
1425847785061	addons.manager	DEBUG	shutdown
1425847785063	addons.manager	DEBUG	Calling shutdown blocker for XPIProvider
1425847785063	addons.xpi	DEBUG	shutdown
1425847785064	addons.xpi-utils	DEBUG	shutdown
1425847785065	addons.manager	DEBUG	Calling shutdown blocker for LightweightThemeManager
1425847785066	addons.manager	DEBUG	Calling shutdown blocker for OpenH264Provider
1425847785069	addons.manager	DEBUG	Calling shutdown blocker for PluginProvider
1425847785475	DeferredSave.extensions.json	DEBUG	Write succeeded
1425847785475	addons.xpi-utils	DEBUG	XPI Database saved, setting schema version preference to 16
1425847785476	addons.xpi	DEBUG	Notifying XPI shutdown observers
1425847785485	addons.manager	DEBUG	Async provider shutdown done
1425847787369	addons.manager	DEBUG	Loaded provider scope for resource://gre/modules/addons/XPIProvider.jsm: ["XPIProvider"]
1425847787371	addons.manager	DEBUG	Loaded provider scope for resource://gre/modules/LightweightThemeManager.jsm: ["LightweightThemeManager"]
1425847787374	addons.xpi	DEBUG	startup
1425847787375	addons.xpi	INFO	Mapping fxdriver@googlecode.com to C:\Users\Admin\AppData\Local\Temp\anonymous7783635401701239795webdriver-profile\extensions\fxdriver@googlecode.com
1425847787375	addons.xpi	DEBUG	Ignoring file entry whose name is not a valid add-on ID: C:\Users\Admin\AppData\Local\Temp\anonymous7783635401701239795webdriver-profile\extensions\webdriver-staging
1425847787377	addons.xpi	INFO	Mapping {972ce4c6-7e08-4474-a285-3208198ce6fd} to C:\Program Files\Mozilla Firefox\browser\extensions\{972ce4c6-7e08-4474-a285-3208198ce6fd}
1425847787377	addons.xpi	DEBUG	Skipping unavailable install location app-system-share
1425847787377	addons.xpi	DEBUG	Skipping unavailable install location app-system-local
1425847787378	addons.xpi	DEBUG	checkForChanges
1425847787378	addons.xpi	DEBUG	Loaded add-on state from prefs: {"app-profile":{"fxdriver@googlecode.com":{"d":"C:\\Users\\Admin\\AppData\\Local\\Temp\\anonymous7783635401701239795webdriver-profile\\extensions\\fxdriver@googlecode.com","e":true,"v":"2.44.0","st":1425847780112,"mt":1425847779768}},"app-global":{"{972ce4c6-7e08-4474-a285-3208198ce6fd}":{"d":"C:\\Program Files\\Mozilla Firefox\\browser\\extensions\\{972ce4c6-7e08-4474-a285-3208198ce6fd}","e":true,"v":"36.0.1","st":1425846872357,"mt":1425846870716}}}
1425847787379	addons.xpi	DEBUG	getModTime: Recursive scan of fxdriver@googlecode.com
1425847787399	addons.xpi	DEBUG	getModTime: Recursive scan of {972ce4c6-7e08-4474-a285-3208198ce6fd}
1425847787401	addons.xpi	DEBUG	getInstallState changed: false, state: {"app-profile":{"fxdriver@googlecode.com":{"d":"C:\\Users\\Admin\\AppData\\Local\\Temp\\anonymous7783635401701239795webdriver-profile\\extensions\\fxdriver@googlecode.com","e":true,"v":"2.44.0","st":1425847780112,"mt":1425847779768}},"app-global":{"{972ce4c6-7e08-4474-a285-3208198ce6fd}":{"d":"C:\\Program Files\\Mozilla Firefox\\browser\\extensions\\{972ce4c6-7e08-4474-a285-3208198ce6fd}","e":true,"v":"36.0.1","st":1425846872357,"mt":1425846870716}}}
1425847787403	addons.xpi	DEBUG	No changes found
1425847787407	addons.manager	DEBUG	Registering shutdown blocker for XPIProvider
1425847787407	addons.manager	DEBUG	Registering shutdown blocker for LightweightThemeManager
1425847787409	addons.manager	DEBUG	Registering shutdown blocker for OpenH264Provider
1425847787409	addons.manager	DEBUG	Registering shutdown blocker for PluginProvider
JavaScript error: file:///C:/Users/Admin/AppData/Local/Temp/anonymous7783635401701239795webdriver-profile/extensions/fxdriver@googlecode.com/components/driver-component.js, line 11487: TypeError: this.server_ is undefined
JavaScript error: chrome://fxdriver/content/server.js, line 38: NS_ERROR_XPC_CI_RETURNED_FAILURE: Component returned failure code: 0x80570015 (NS_ERROR_XPC_CI_RETURNED_FAILURE) [nsIJSCID.createInstance]
*** Blocklist::_preloadBlocklistFile: blocklist is disabled
1425847789050	addons.manager	DEBUG	Registering shutdown blocker for <unnamed-provider>

Build info: version: '2.44.0', revision: '76d78cf', time: '2014-10-23 20:02:37'
System info: host: 'LENOVO-T61', ip: '192.168.1.65', os.name: 'Windows 8.1', os.arch: 'x86', os.version: '6.3', java.version: '1.8.0_31'
Driver info: driver.version: FirefoxDriver
	at org.openqa.selenium.firefox.internal.NewProfileExtensionConnection.start(NewProfileExtensionConnection.java:130)
	at org.openqa.selenium.firefox.FirefoxDriver.startClient(FirefoxDriver.java:246)
	at org.openqa.selenium.remote.RemoteWebDriver.<init>(RemoteWebDriver.java:114)
	at org.openqa.selenium.firefox.FirefoxDriver.<init>(FirefoxDriver.java:193)
	at org.openqa.selenium.firefox.FirefoxDriver.<init>(FirefoxDriver.java:186)
	at org.openqa.selenium.firefox.FirefoxDriver.<init>(FirefoxDriver.java:182)
	at org.openqa.selenium.firefox.FirefoxDriver.<init>(FirefoxDriver.java:95)
	at webdriver.RyppleNetflixRegistration.setup(RyppleNetflixRegistration.java:18)
	at sun.reflect.NativeMethodAccessorImpl.invoke0(Native Method)
	at sun.reflect.NativeMethodAccessorImpl.invoke(Unknown Source)
	at sun.reflect.DelegatingMethodAccessorImpl.invoke(Unknown Source)
	at java.lang.reflect.Method.invoke(Unknown Source)
	at org.testng.internal.MethodInvocationHelper.invokeMethod(MethodInvocationHelper.java:84)
	at org.testng.internal.Invoker.invokeConfigurationMethod(Invoker.java:564)
	at org.testng.internal.Invoker.invokeConfigurations(Invoker.java:213)
	at org.testng.internal.Invoker.invokeMethod(Invoker.java:653)
	at org.testng.internal.Invoker.invokeTestMethod(Invoker.java:901)
	at org.testng.internal.Invoker.invokeTestMethods(Invoker.java:1231)
	at org.testng.internal.TestMethodWorker.invokeTestMethods(TestMethodWorker.java:127)
	at org.testng.internal.TestMethodWorker.run(TestMethodWorker.java:111)
	at org.testng.TestRunner.privateRun(TestRunner.java:767)
	at org.testng.TestRunner.run(TestRunner.java:617)
	at org.testng.SuiteRunner.runTest(SuiteRunner.java:334)
	at org.testng.SuiteRunner.runSequentially(SuiteRunner.java:329)
	at org.testng.SuiteRunner.privateRun(SuiteRunner.java:291)
	at org.testng.SuiteRunner.run(SuiteRunner.java:240)
	at org.testng.SuiteRunnerWorker.runSuite(SuiteRunnerWorker.java:52)
	at org.testng.SuiteRunnerWorker.run(SuiteRunnerWorker.java:86)
	at org.testng.TestNG.runSuitesSequentially(TestNG.java:1224)
	at org.testng.TestNG.runSuitesLocally(TestNG.java:1149)
	at org.testng.TestNG.run(TestNG.java:1057)
	at org.testng.remote.RemoteTestNG.run(RemoteTestNG.java:111)
	at org.testng.remote.RemoteTestNG.initAndRun(RemoteTestNG.java:204)
	at org.testng.remote.RemoteTestNG.main(RemoteTestNG.java:175)
Caused by: org.openqa.selenium.firefox.NotConnectedException: Unable to connect to host 127.0.0.1 on port 7055 after 45000 ms. Firefox console output:
47784924	DeferredSave.extensions.json	DEBUG	Starting write
1425847785061	addons.manager	DEBUG	shutdown
1425847785063	addons.manager	DEBUG	Calling shutdown blocker for XPIProvider
1425847785063	addons.xpi	DEBUG	shutdown
1425847785064	addons.xpi-utils	DEBUG	shutdown
1425847785065	addons.manager	DEBUG	Calling shutdown blocker for LightweightThemeManager
1425847785066	addons.manager	DEBUG	Calling shutdown blocker for OpenH264Provider
1425847785069	addons.manager	DEBUG	Calling shutdown blocker for PluginProvider
1425847785475	DeferredSave.extensions.json	DEBUG	Write succeeded
1425847785475	addons.xpi-utils	DEBUG	XPI Database saved, setting schema version preference to 16
1425847785476	addons.xpi	DEBUG	Notifying XPI shutdown observers
1425847785485	addons.manager	DEBUG	Async provider shutdown done
1425847787369	addons.manager	DEBUG	Loaded provider scope for resource://gre/modules/addons/XPIProvider.jsm: ["XPIProvider"]
1425847787371	addons.manager	DEBUG	Loaded provider scope for resource://gre/modules/LightweightThemeManager.jsm: ["LightweightThemeManager"]
1425847787374	addons.xpi	DEBUG	startup
1425847787375	addons.xpi	INFO	Mapping fxdriver@googlecode.com to C:\Users\Admin\AppData\Local\Temp\anonymous7783635401701239795webdriver-profile\extensions\fxdriver@googlecode.com
1425847787375	addons.xpi	DEBUG	Ignoring file entry whose name is not a valid add-on ID: C:\Users\Admin\AppData\Local\Temp\anonymous7783635401701239795webdriver-profile\extensions\webdriver-staging
1425847787377	addons.xpi	INFO	Mapping {972ce4c6-7e08-4474-a285-3208198ce6fd} to C:\Program Files\Mozilla Firefox\browser\extensions\{972ce4c6-7e08-4474-a285-3208198ce6fd}
1425847787377	addons.xpi	DEBUG	Skipping unavailable install location app-system-share
1425847787377	addons.xpi	DEBUG	Skipping unavailable install location app-system-local
1425847787378	addons.xpi	DEBUG	checkForChanges
1425847787378	addons.xpi	DEBUG	Loaded add-on state from prefs: {"app-profile":{"fxdriver@googlecode.com":{"d":"C:\\Users\\Admin\\AppData\\Local\\Temp\\anonymous7783635401701239795webdriver-profile\\extensions\\fxdriver@googlecode.com","e":true,"v":"2.44.0","st":1425847780112,"mt":1425847779768}},"app-global":{"{972ce4c6-7e08-4474-a285-3208198ce6fd}":{"d":"C:\\Program Files\\Mozilla Firefox\\browser\\extensions\\{972ce4c6-7e08-4474-a285-3208198ce6fd}","e":true,"v":"36.0.1","st":1425846872357,"mt":1425846870716}}}
1425847787379	addons.xpi	DEBUG	getModTime: Recursive scan of fxdriver@googlecode.com
1425847787399	addons.xpi	DEBUG	getModTime: Recursive scan of {972ce4c6-7e08-4474-a285-3208198ce6fd}
1425847787401	addons.xpi	DEBUG	getInstallState changed: false, state: {"app-profile":{"fxdriver@googlecode.com":{"d":"C:\\Users\\Admin\\AppData\\Local\\Temp\\anonymous7783635401701239795webdriver-profile\\extensions\\fxdriver@googlecode.com","e":true,"v":"2.44.0","st":1425847780112,"mt":1425847779768}},"app-global":{"{972ce4c6-7e08-4474-a285-3208198ce6fd}":{"d":"C:\\Program Files\\Mozilla Firefox\\browser\\extensions\\{972ce4c6-7e08-4474-a285-3208198ce6fd}","e":true,"v":"36.0.1","st":1425846872357,"mt":1425846870716}}}
1425847787403	addons.xpi	DEBUG	No changes found
1425847787407	addons.manager	DEBUG	Registering shutdown blocker for XPIProvider
1425847787407	addons.manager	DEBUG	Registering shutdown blocker for LightweightThemeManager
1425847787409	addons.manager	DEBUG	Registering shutdown blocker for OpenH264Provider
1425847787409	addons.manager	DEBUG	Registering shutdown blocker for PluginProvider
JavaScript error: file:///C:/Users/Admin/AppData/Local/Temp/anonymous7783635401701239795webdriver-profile/extensions/fxdriver@googlecode.com/components/driver-component.js, line 11487: TypeError: this.server_ is undefined
JavaScript error: chrome://fxdriver/content/server.js, line 38: NS_ERROR_XPC_CI_RETURNED_FAILURE: Component returned failure code: 0x80570015 (NS_ERROR_XPC_CI_RETURNED_FAILURE) [nsIJSCID.createInstance]
*** Blocklist::_preloadBlocklistFile: blocklist is disabled
1425847789050	addons.manager	DEBUG	Registering shutdown blocker for <unnamed-provider>

	at org.openqa.selenium.firefox.internal.NewProfileExtensionConnection.start(NewProfileExtensionConnection.java:118)
	... 33 more
]]>
    </failure>
  </testcase> <!-- testNetflixRegistration -->
</testsuite> <!-- webdriver.RyppleNetflixRegistration -->
