<?xml version="1.0" encoding="UTF-8"?>
<!-- Generated by org.testng.reporters.JUnitReportReporter -->
<testsuite hostname="LENOVO-T440s" name="webdriver.ActionsDraggableTest" tests="1" failures="0" timestamp="16 Feb 2015 23:48:07 GMT" time="43.574" errors="0">
  <testcase name="testSliding" time="43.574" classname="webdriver.ActionsDraggableTest"/>
</testsuite> <!-- webdriver.ActionsDraggableTest -->
